mode: set
github.com/himmel520/uoffer/mediaAd/cmd/main.go:28.13,32.16 3 0
github.com/himmel520/uoffer/mediaAd/cmd/main.go:32.16,34.3 1 0
github.com/himmel520/uoffer/mediaAd/cmd/main.go:36.2,37.16 2 0
github.com/himmel520/uoffer/mediaAd/cmd/main.go:37.16,39.3 1 0
github.com/himmel520/uoffer/mediaAd/cmd/main.go:40.2,43.16 3 0
github.com/himmel520/uoffer/mediaAd/cmd/main.go:43.16,45.3 1 0
github.com/himmel520/uoffer/mediaAd/cmd/main.go:46.2,55.12 7 0
github.com/himmel520/uoffer/mediaAd/cmd/main.go:55.12,58.76 2 0
github.com/himmel520/uoffer/mediaAd/cmd/main.go:58.76,60.4 1 0
github.com/himmel520/uoffer/mediaAd/cmd/main.go:63.2,67.59 4 0
github.com/himmel520/uoffer/mediaAd/cmd/main.go:67.59,69.3 1 0
github.com/himmel520/uoffer/mediaAd/cmd/main.go:71.2,71.37 1 0
github.com/himmel520/uoffer/mediaAd/config/config.go:40.29,60.16 4 0
github.com/himmel520/uoffer/mediaAd/config/config.go:60.16,62.3 1 0
github.com/himmel520/uoffer/mediaAd/config/config.go:63.2,65.17 2 0
github.com/himmel520/uoffer/mediaAd/config/config.go:68.79,70.16 2 0
github.com/himmel520/uoffer/mediaAd/config/config.go:70.16,72.3 1 0
github.com/himmel520/uoffer/mediaAd/config/config.go:74.2,74.42 1 0
github.com/himmel520/uoffer/mediaAd/docs/docs.go:1211.13,1213.2 1 0
github.com/himmel520/uoffer/mediaAd/internal/infrastructure/repository/repository.go:55.42,62.2 1 0
github.com/himmel520/uoffer/mediaAd/internal/entity/adv.go:35.36,37.2 1 0
github.com/himmel520/uoffer/mediaAd/internal/entity/colors.go:20.38,22.2 1 0
github.com/himmel520/uoffer/mediaAd/internal/entity/logo.go:14.37,16.2 1 0
github.com/himmel520/uoffer/mediaAd/internal/entity/tg.go:14.35,16.2 1 0
github.com/himmel520/uoffer/mediaAd/internal/server/log.go:11.35,15.75 3 0
github.com/himmel520/uoffer/mediaAd/internal/server/log.go:15.75,19.4 3 0
github.com/himmel520/uoffer/mediaAd/internal/server/log.go:23.2,23.12 1 0
github.com/himmel520/uoffer/mediaAd/internal/server/server.go:13.53,22.2 1 0
github.com/himmel520/uoffer/mediaAd/internal/server/server.go:24.30,26.2 1 0
github.com/himmel520/uoffer/mediaAd/internal/server/server.go:28.54,30.2 1 0
github.com/himmel520/uoffer/mediaAd/internal/infrastructure/repository/postgres/adv.go:21.44,23.2 1 0
github.com/himmel520/uoffer/mediaAd/internal/infrastructure/repository/postgres/adv.go:25.74,36.28 4 0
github.com/himmel520/uoffer/mediaAd/internal/infrastructure/repository/postgres/adv.go:36.28,37.40 1 0
github.com/himmel520/uoffer/mediaAd/internal/infrastructure/repository/postgres/adv.go:37.40,39.4 1 0
github.com/himmel520/uoffer/mediaAd/internal/infrastructure/repository/postgres/adv.go:42.2,42.16 1 0
github.com/himmel520/uoffer/mediaAd/internal/infrastructure/repository/postgres/adv.go:45.85,65.35 3 0
github.com/himmel520/uoffer/mediaAd/internal/infrastructure/repository/postgres/adv.go:65.35,67.3 1 0
github.com/himmel520/uoffer/mediaAd/internal/infrastructure/repository/postgres/adv.go:69.2,69.17 1 0
github.com/himmel520/uoffer/mediaAd/internal/infrastructure/repository/postgres/adv.go:72.61,74.32 2 0
github.com/himmel520/uoffer/mediaAd/internal/infrastructure/repository/postgres/adv.go:74.32,76.3 1 0
github.com/himmel520/uoffer/mediaAd/internal/infrastructure/repository/postgres/adv.go:77.2,77.12 1 0
github.com/himmel520/uoffer/mediaAd/internal/infrastructure/repository/postgres/adv.go:81.84,85.23 3 0
github.com/himmel520/uoffer/mediaAd/internal/infrastructure/repository/postgres/adv.go:85.23,88.3 2 0
github.com/himmel520/uoffer/mediaAd/internal/infrastructure/repository/postgres/adv.go:90.2,90.24 1 0
github.com/himmel520/uoffer/mediaAd/internal/infrastructure/repository/postgres/adv.go:90.24,93.3 2 0
github.com/himmel520/uoffer/mediaAd/internal/infrastructure/repository/postgres/adv.go:95.2,95.21 1 0
github.com/himmel520/uoffer/mediaAd/internal/infrastructure/repository/postgres/adv.go:95.21,98.3 2 0
github.com/himmel520/uoffer/mediaAd/internal/infrastructure/repository/postgres/adv.go:100.2,100.21 1 0
github.com/himmel520/uoffer/mediaAd/internal/infrastructure/repository/postgres/adv.go:100.21,103.3 2 0
github.com/himmel520/uoffer/mediaAd/internal/infrastructure/repository/postgres/adv.go:105.2,105.22 1 0
github.com/himmel520/uoffer/mediaAd/internal/infrastructure/repository/postgres/adv.go:105.22,108.3 2 0
github.com/himmel520/uoffer/mediaAd/internal/infrastructure/repository/postgres/adv.go:110.2,110.28 1 0
github.com/himmel520/uoffer/mediaAd/internal/infrastructure/repository/postgres/adv.go:110.28,113.3 2 0
github.com/himmel520/uoffer/mediaAd/internal/infrastructure/repository/postgres/adv.go:115.2,115.25 1 0
github.com/himmel520/uoffer/mediaAd/internal/infrastructure/repository/postgres/adv.go:115.25,118.3 2 0
github.com/himmel520/uoffer/mediaAd/internal/infrastructure/repository/postgres/adv.go:120.2,128.28 5 0
github.com/himmel520/uoffer/mediaAd/internal/infrastructure/repository/postgres/adv.go:128.28,129.40 1 0
github.com/himmel520/uoffer/mediaAd/internal/infrastructure/repository/postgres/adv.go:129.40,131.4 1 0
github.com/himmel520/uoffer/mediaAd/internal/infrastructure/repository/postgres/adv.go:134.2,134.32 1 0
github.com/himmel520/uoffer/mediaAd/internal/infrastructure/repository/postgres/adv.go:134.32,136.3 1 0
github.com/himmel520/uoffer/mediaAd/internal/infrastructure/repository/postgres/adv.go:138.2,138.12 1 0
github.com/himmel520/uoffer/mediaAd/internal/infrastructure/repository/postgres/adv.go:141.142,165.16 4 0
github.com/himmel520/uoffer/mediaAd/internal/infrastructure/repository/postgres/adv.go:165.16,167.3 1 0
github.com/himmel520/uoffer/mediaAd/internal/infrastructure/repository/postgres/adv.go:168.2,171.18 3 0
github.com/himmel520/uoffer/mediaAd/internal/infrastructure/repository/postgres/adv.go:171.18,175.61 2 0
github.com/himmel520/uoffer/mediaAd/internal/infrastructure/repository/postgres/adv.go:175.61,177.4 1 0
github.com/himmel520/uoffer/mediaAd/internal/infrastructure/repository/postgres/adv.go:179.3,179.27 1 0
github.com/himmel520/uoffer/mediaAd/internal/infrastructure/repository/postgres/adv.go:182.2,182.20 1 0
github.com/himmel520/uoffer/mediaAd/internal/infrastructure/repository/postgres/adv.go:182.20,184.3 1 0
github.com/himmel520/uoffer/mediaAd/internal/infrastructure/repository/postgres/adv.go:186.2,186.18 1 0
github.com/himmel520/uoffer/mediaAd/internal/infrastructure/repository/postgres/color.go:21.48,23.2 1 0
github.com/himmel520/uoffer/mediaAd/internal/infrastructure/repository/postgres/color.go:25.94,36.70 4 0
github.com/himmel520/uoffer/mediaAd/internal/infrastructure/repository/postgres/color.go:36.70,38.3 1 0
github.com/himmel520/uoffer/mediaAd/internal/infrastructure/repository/postgres/color.go:40.2,40.22 1 0
github.com/himmel520/uoffer/mediaAd/internal/infrastructure/repository/postgres/color.go:43.111,46.24 3 0
github.com/himmel520/uoffer/mediaAd/internal/infrastructure/repository/postgres/color.go:46.24,49.3 2 0
github.com/himmel520/uoffer/mediaAd/internal/infrastructure/repository/postgres/color.go:51.2,51.22 1 0
github.com/himmel520/uoffer/mediaAd/internal/infrastructure/repository/postgres/color.go:51.22,54.3 2 0
github.com/himmel520/uoffer/mediaAd/internal/infrastructure/repository/postgres/color.go:56.2,66.35 5 0
github.com/himmel520/uoffer/mediaAd/internal/infrastructure/repository/postgres/color.go:66.35,68.3 1 0
github.com/himmel520/uoffer/mediaAd/internal/infrastructure/repository/postgres/color.go:70.2,71.70 2 0
github.com/himmel520/uoffer/mediaAd/internal/infrastructure/repository/postgres/color.go:71.70,73.3 1 0
github.com/himmel520/uoffer/mediaAd/internal/infrastructure/repository/postgres/color.go:75.2,75.22 1 0
github.com/himmel520/uoffer/mediaAd/internal/infrastructure/repository/postgres/color.go:78.63,83.32 2 0
github.com/himmel520/uoffer/mediaAd/internal/infrastructure/repository/postgres/color.go:83.32,85.3 1 0
github.com/himmel520/uoffer/mediaAd/internal/infrastructure/repository/postgres/color.go:87.2,88.65 2 0
github.com/himmel520/uoffer/mediaAd/internal/infrastructure/repository/postgres/color.go:88.65,90.3 1 0
github.com/himmel520/uoffer/mediaAd/internal/infrastructure/repository/postgres/color.go:92.2,92.12 1 0
github.com/himmel520/uoffer/mediaAd/internal/infrastructure/repository/postgres/color.go:95.111,101.16 2 0
github.com/himmel520/uoffer/mediaAd/internal/infrastructure/repository/postgres/color.go:101.16,103.3 1 0
github.com/himmel520/uoffer/mediaAd/internal/infrastructure/repository/postgres/color.go:104.2,107.18 3 0
github.com/himmel520/uoffer/mediaAd/internal/infrastructure/repository/postgres/color.go:107.18,109.72 2 0
github.com/himmel520/uoffer/mediaAd/internal/infrastructure/repository/postgres/color.go:109.72,111.4 1 0
github.com/himmel520/uoffer/mediaAd/internal/infrastructure/repository/postgres/color.go:113.3,113.33 1 0
github.com/himmel520/uoffer/mediaAd/internal/infrastructure/repository/postgres/color.go:116.2,116.22 1 0
github.com/himmel520/uoffer/mediaAd/internal/infrastructure/repository/postgres/color.go:116.22,118.3 1 0
github.com/himmel520/uoffer/mediaAd/internal/infrastructure/repository/postgres/color.go:120.2,120.20 1 0
github.com/himmel520/uoffer/mediaAd/internal/infrastructure/repository/postgres/color.go:123.61,127.2 3 0
github.com/himmel520/uoffer/mediaAd/internal/infrastructure/repository/postgres/logo.go:21.47,23.2 1 0
github.com/himmel520/uoffer/mediaAd/internal/infrastructure/repository/postgres/logo.go:25.90,36.70 4 0
github.com/himmel520/uoffer/mediaAd/internal/infrastructure/repository/postgres/logo.go:36.70,38.3 1 0
github.com/himmel520/uoffer/mediaAd/internal/infrastructure/repository/postgres/logo.go:40.2,40.21 1 0
github.com/himmel520/uoffer/mediaAd/internal/infrastructure/repository/postgres/logo.go:43.107,46.21 3 0
github.com/himmel520/uoffer/mediaAd/internal/infrastructure/repository/postgres/logo.go:46.21,49.3 2 0
github.com/himmel520/uoffer/mediaAd/internal/infrastructure/repository/postgres/logo.go:51.2,51.23 1 0
github.com/himmel520/uoffer/mediaAd/internal/infrastructure/repository/postgres/logo.go:51.23,54.3 2 0
github.com/himmel520/uoffer/mediaAd/internal/infrastructure/repository/postgres/logo.go:56.2,67.9 6 0
github.com/himmel520/uoffer/mediaAd/internal/infrastructure/repository/postgres/logo.go:68.37,69.38 1 0
github.com/himmel520/uoffer/mediaAd/internal/infrastructure/repository/postgres/logo.go:70.72,71.35 1 0
github.com/himmel520/uoffer/mediaAd/internal/infrastructure/repository/postgres/logo.go:74.2,74.21 1 0
github.com/himmel520/uoffer/mediaAd/internal/infrastructure/repository/postgres/logo.go:77.62,83.28 3 0
github.com/himmel520/uoffer/mediaAd/internal/infrastructure/repository/postgres/logo.go:83.28,84.40 1 0
github.com/himmel520/uoffer/mediaAd/internal/infrastructure/repository/postgres/logo.go:84.40,86.4 1 0
github.com/himmel520/uoffer/mediaAd/internal/infrastructure/repository/postgres/logo.go:89.2,89.32 1 0
github.com/himmel520/uoffer/mediaAd/internal/infrastructure/repository/postgres/logo.go:89.32,91.3 1 0
github.com/himmel520/uoffer/mediaAd/internal/infrastructure/repository/postgres/logo.go:93.2,93.12 1 0
github.com/himmel520/uoffer/mediaAd/internal/infrastructure/repository/postgres/logo.go:96.83,102.35 3 0
github.com/himmel520/uoffer/mediaAd/internal/infrastructure/repository/postgres/logo.go:102.35,104.3 1 0
github.com/himmel520/uoffer/mediaAd/internal/infrastructure/repository/postgres/logo.go:106.2,106.18 1 0
github.com/himmel520/uoffer/mediaAd/internal/infrastructure/repository/postgres/logo.go:109.76,114.16 2 0
github.com/himmel520/uoffer/mediaAd/internal/infrastructure/repository/postgres/logo.go:114.16,116.3 1 0
github.com/himmel520/uoffer/mediaAd/internal/infrastructure/repository/postgres/logo.go:117.2,120.18 3 0
github.com/himmel520/uoffer/mediaAd/internal/infrastructure/repository/postgres/logo.go:120.18,122.69 2 0
github.com/himmel520/uoffer/mediaAd/internal/infrastructure/repository/postgres/logo.go:122.69,124.4 1 0
github.com/himmel520/uoffer/mediaAd/internal/infrastructure/repository/postgres/logo.go:126.3,126.30 1 0
github.com/himmel520/uoffer/mediaAd/internal/infrastructure/repository/postgres/logo.go:129.2,129.21 1 0
github.com/himmel520/uoffer/mediaAd/internal/infrastructure/repository/postgres/logo.go:129.21,131.3 1 0
github.com/himmel520/uoffer/mediaAd/internal/infrastructure/repository/postgres/logo.go:133.2,133.19 1 0
github.com/himmel520/uoffer/mediaAd/internal/infrastructure/repository/postgres/logo.go:136.111,142.16 2 0
github.com/himmel520/uoffer/mediaAd/internal/infrastructure/repository/postgres/logo.go:142.16,144.3 1 0
github.com/himmel520/uoffer/mediaAd/internal/infrastructure/repository/postgres/logo.go:145.2,148.18 3 0
github.com/himmel520/uoffer/mediaAd/internal/infrastructure/repository/postgres/logo.go:148.18,150.69 2 0
github.com/himmel520/uoffer/mediaAd/internal/infrastructure/repository/postgres/logo.go:150.69,152.4 1 0
github.com/himmel520/uoffer/mediaAd/internal/infrastructure/repository/postgres/logo.go:154.3,154.24 1 0
github.com/himmel520/uoffer/mediaAd/internal/infrastructure/repository/postgres/logo.go:157.2,157.21 1 0
github.com/himmel520/uoffer/mediaAd/internal/infrastructure/repository/postgres/logo.go:157.21,159.3 1 0
github.com/himmel520/uoffer/mediaAd/internal/infrastructure/repository/postgres/logo.go:161.2,161.19 1 0
github.com/himmel520/uoffer/mediaAd/internal/infrastructure/repository/postgres/logo.go:164.60,168.2 3 0
github.com/himmel520/uoffer/mediaAd/internal/infrastructure/repository/postgres/postgres.go:9.50,11.16 2 0
github.com/himmel520/uoffer/mediaAd/internal/infrastructure/repository/postgres/postgres.go:11.16,13.3 1 0
github.com/himmel520/uoffer/mediaAd/internal/infrastructure/repository/postgres/postgres.go:15.2,15.56 1 0
github.com/himmel520/uoffer/mediaAd/internal/infrastructure/repository/postgres/postgres.go:15.56,17.3 1 0
github.com/himmel520/uoffer/mediaAd/internal/infrastructure/repository/postgres/postgres.go:19.2,19.18 1 0
github.com/himmel520/uoffer/mediaAd/internal/infrastructure/repository/postgres/tg.go:21.42,23.2 1 0
github.com/himmel520/uoffer/mediaAd/internal/infrastructure/repository/postgres/tg.go:25.82,36.70 4 0
github.com/himmel520/uoffer/mediaAd/internal/infrastructure/repository/postgres/tg.go:36.70,38.3 1 0
github.com/himmel520/uoffer/mediaAd/internal/infrastructure/repository/postgres/tg.go:40.2,40.19 1 0
github.com/himmel520/uoffer/mediaAd/internal/infrastructure/repository/postgres/tg.go:43.99,46.19 3 0
github.com/himmel520/uoffer/mediaAd/internal/infrastructure/repository/postgres/tg.go:46.19,49.3 2 0
github.com/himmel520/uoffer/mediaAd/internal/infrastructure/repository/postgres/tg.go:51.2,51.21 1 0
github.com/himmel520/uoffer/mediaAd/internal/infrastructure/repository/postgres/tg.go:51.21,54.3 2 0
github.com/himmel520/uoffer/mediaAd/internal/infrastructure/repository/postgres/tg.go:56.2,67.9 6 0
github.com/himmel520/uoffer/mediaAd/internal/infrastructure/repository/postgres/tg.go:68.37,69.36 1 0
github.com/himmel520/uoffer/mediaAd/internal/infrastructure/repository/postgres/tg.go:70.72,71.33 1 0
github.com/himmel520/uoffer/mediaAd/internal/infrastructure/repository/postgres/tg.go:74.2,74.19 1 0
github.com/himmel520/uoffer/mediaAd/internal/infrastructure/repository/postgres/tg.go:77.60,83.28 3 0
github.com/himmel520/uoffer/mediaAd/internal/infrastructure/repository/postgres/tg.go:83.28,84.40 1 0
github.com/himmel520/uoffer/mediaAd/internal/infrastructure/repository/postgres/tg.go:84.40,86.4 1 0
github.com/himmel520/uoffer/mediaAd/internal/infrastructure/repository/postgres/tg.go:89.2,89.32 1 0
github.com/himmel520/uoffer/mediaAd/internal/infrastructure/repository/postgres/tg.go:89.32,91.3 1 0
github.com/himmel520/uoffer/mediaAd/internal/infrastructure/repository/postgres/tg.go:93.2,93.12 1 0
github.com/himmel520/uoffer/mediaAd/internal/infrastructure/repository/postgres/tg.go:96.105,102.16 2 0
github.com/himmel520/uoffer/mediaAd/internal/infrastructure/repository/postgres/tg.go:102.16,104.3 1 0
github.com/himmel520/uoffer/mediaAd/internal/infrastructure/repository/postgres/tg.go:105.2,108.18 3 0
github.com/himmel520/uoffer/mediaAd/internal/infrastructure/repository/postgres/tg.go:108.18,110.63 2 0
github.com/himmel520/uoffer/mediaAd/internal/infrastructure/repository/postgres/tg.go:110.63,112.4 1 0
github.com/himmel520/uoffer/mediaAd/internal/infrastructure/repository/postgres/tg.go:114.3,114.24 1 0
github.com/himmel520/uoffer/mediaAd/internal/infrastructure/repository/postgres/tg.go:117.2,117.19 1 0
github.com/himmel520/uoffer/mediaAd/internal/infrastructure/repository/postgres/tg.go:117.19,119.3 1 0
github.com/himmel520/uoffer/mediaAd/internal/infrastructure/repository/postgres/tg.go:121.2,121.17 1 0
github.com/himmel520/uoffer/mediaAd/internal/infrastructure/repository/postgres/tg.go:124.58,128.2 3 0
github.com/himmel520/uoffer/mediaAd/internal/infrastructure/cache/mocks/AdvCache.go:18.55,21.19 2 0
github.com/himmel520/uoffer/mediaAd/internal/infrastructure/cache/mocks/AdvCache.go:21.19,22.48 1 0
github.com/himmel520/uoffer/mediaAd/internal/infrastructure/cache/mocks/AdvCache.go:25.2,26.60 2 0
github.com/himmel520/uoffer/mediaAd/internal/infrastructure/cache/mocks/AdvCache.go:26.60,28.3 1 0
github.com/himmel520/uoffer/mediaAd/internal/infrastructure/cache/mocks/AdvCache.go:28.8,30.3 1 0
github.com/himmel520/uoffer/mediaAd/internal/infrastructure/cache/mocks/AdvCache.go:32.2,32.11 1 0
github.com/himmel520/uoffer/mediaAd/internal/infrastructure/cache/mocks/AdvCache.go:36.89,39.19 2 0
github.com/himmel520/uoffer/mediaAd/internal/infrastructure/cache/mocks/AdvCache.go:39.19,40.45 1 0
github.com/himmel520/uoffer/mediaAd/internal/infrastructure/cache/mocks/AdvCache.go:43.2,45.93 3 0
github.com/himmel520/uoffer/mediaAd/internal/infrastructure/cache/mocks/AdvCache.go:45.93,47.3 1 0
github.com/himmel520/uoffer/mediaAd/internal/infrastructure/cache/mocks/AdvCache.go:48.2,48.84 1 0
github.com/himmel520/uoffer/mediaAd/internal/infrastructure/cache/mocks/AdvCache.go:48.84,50.3 1 0
github.com/himmel520/uoffer/mediaAd/internal/infrastructure/cache/mocks/AdvCache.go:50.8,51.24 1 0
github.com/himmel520/uoffer/mediaAd/internal/infrastructure/cache/mocks/AdvCache.go:51.24,53.4 1 0
github.com/himmel520/uoffer/mediaAd/internal/infrastructure/cache/mocks/AdvCache.go:56.2,56.68 1 0
github.com/himmel520/uoffer/mediaAd/internal/infrastructure/cache/mocks/AdvCache.go:56.68,58.3 1 0
github.com/himmel520/uoffer/mediaAd/internal/infrastructure/cache/mocks/AdvCache.go:58.8,60.3 1 0
github.com/himmel520/uoffer/mediaAd/internal/infrastructure/cache/mocks/AdvCache.go:62.2,62.15 1 0
github.com/himmel520/uoffer/mediaAd/internal/infrastructure/cache/mocks/AdvCache.go:66.92,69.19 2 0
github.com/himmel520/uoffer/mediaAd/internal/infrastructure/cache/mocks/AdvCache.go:69.19,70.45 1 0
github.com/himmel520/uoffer/mediaAd/internal/infrastructure/cache/mocks/AdvCache.go:73.2,74.91 2 0
github.com/himmel520/uoffer/mediaAd/internal/infrastructure/cache/mocks/AdvCache.go:74.91,76.3 1 0
github.com/himmel520/uoffer/mediaAd/internal/infrastructure/cache/mocks/AdvCache.go:76.8,78.3 1 0
github.com/himmel520/uoffer/mediaAd/internal/infrastructure/cache/mocks/AdvCache.go:80.2,80.11 1 0
github.com/himmel520/uoffer/mediaAd/internal/infrastructure/cache/mocks/AdvCache.go:88.14,92.19 3 0
github.com/himmel520/uoffer/mediaAd/internal/infrastructure/cache/mocks/AdvCache.go:92.19,92.49 1 0
github.com/himmel520/uoffer/mediaAd/internal/infrastructure/cache/mocks/AdvCache.go:94.2,94.13 1 0
github.com/himmel520/uoffer/mediaAd/internal/infrastructure/cache/cache.go:15.56,18.2 2 0
github.com/himmel520/uoffer/mediaAd/internal/usecase/mocks/AdvCache.go:17.70,20.19 2 0
github.com/himmel520/uoffer/mediaAd/internal/usecase/mocks/AdvCache.go:20.19,21.48 1 0
github.com/himmel520/uoffer/mediaAd/internal/usecase/mocks/AdvCache.go:24.2,25.68 2 0
github.com/himmel520/uoffer/mediaAd/internal/usecase/mocks/AdvCache.go:25.68,27.3 1 0
github.com/himmel520/uoffer/mediaAd/internal/usecase/mocks/AdvCache.go:27.8,29.3 1 0
github.com/himmel520/uoffer/mediaAd/internal/usecase/mocks/AdvCache.go:31.2,31.11 1 0
github.com/himmel520/uoffer/mediaAd/internal/usecase/mocks/AdvCache.go:35.74,38.19 2 0
github.com/himmel520/uoffer/mediaAd/internal/usecase/mocks/AdvCache.go:38.19,39.45 1 0
github.com/himmel520/uoffer/mediaAd/internal/usecase/mocks/AdvCache.go:42.2,44.78 3 0
github.com/himmel520/uoffer/mediaAd/internal/usecase/mocks/AdvCache.go:44.78,46.3 1 0
github.com/himmel520/uoffer/mediaAd/internal/usecase/mocks/AdvCache.go:47.2,47.69 1 0
github.com/himmel520/uoffer/mediaAd/internal/usecase/mocks/AdvCache.go:47.69,49.3 1 0
github.com/himmel520/uoffer/mediaAd/internal/usecase/mocks/AdvCache.go:49.8,51.3 1 0
github.com/himmel520/uoffer/mediaAd/internal/usecase/mocks/AdvCache.go:53.2,53.68 1 0
github.com/himmel520/uoffer/mediaAd/internal/usecase/mocks/AdvCache.go:53.68,55.3 1 0
github.com/himmel520/uoffer/mediaAd/internal/usecase/mocks/AdvCache.go:55.8,57.3 1 0
github.com/himmel520/uoffer/mediaAd/internal/usecase/mocks/AdvCache.go:59.2,59.15 1 0
github.com/himmel520/uoffer/mediaAd/internal/usecase/mocks/AdvCache.go:63.74,66.19 2 0
github.com/himmel520/uoffer/mediaAd/internal/usecase/mocks/AdvCache.go:66.19,67.45 1 0
github.com/himmel520/uoffer/mediaAd/internal/usecase/mocks/AdvCache.go:70.2,71.73 2 0
github.com/himmel520/uoffer/mediaAd/internal/usecase/mocks/AdvCache.go:71.73,73.3 1 0
github.com/himmel520/uoffer/mediaAd/internal/usecase/mocks/AdvCache.go:73.8,75.3 1 0
github.com/himmel520/uoffer/mediaAd/internal/usecase/mocks/AdvCache.go:77.2,77.11 1 0
github.com/himmel520/uoffer/mediaAd/internal/usecase/mocks/AdvCache.go:85.14,89.19 3 0
github.com/himmel520/uoffer/mediaAd/internal/usecase/mocks/AdvCache.go:89.19,89.49 1 0
github.com/himmel520/uoffer/mediaAd/internal/usecase/mocks/AdvCache.go:91.2,91.13 1 0
github.com/himmel520/uoffer/mediaAd/internal/usecase/mocks/AdvUC.go:18.89,21.19 2 0
github.com/himmel520/uoffer/mediaAd/internal/usecase/mocks/AdvUC.go:21.19,22.45 1 0
github.com/himmel520/uoffer/mediaAd/internal/usecase/mocks/AdvUC.go:25.2,27.96 3 0
github.com/himmel520/uoffer/mediaAd/internal/usecase/mocks/AdvUC.go:27.96,29.3 1 0
github.com/himmel520/uoffer/mediaAd/internal/usecase/mocks/AdvUC.go:30.2,30.87 1 0
github.com/himmel520/uoffer/mediaAd/internal/usecase/mocks/AdvUC.go:30.87,32.3 1 0
github.com/himmel520/uoffer/mediaAd/internal/usecase/mocks/AdvUC.go:32.8,33.24 1 0
github.com/himmel520/uoffer/mediaAd/internal/usecase/mocks/AdvUC.go:33.24,35.4 1 0
github.com/himmel520/uoffer/mediaAd/internal/usecase/mocks/AdvUC.go:38.2,38.73 1 0
github.com/himmel520/uoffer/mediaAd/internal/usecase/mocks/AdvUC.go:38.73,40.3 1 0
github.com/himmel520/uoffer/mediaAd/internal/usecase/mocks/AdvUC.go:40.8,42.3 1 0
github.com/himmel520/uoffer/mediaAd/internal/usecase/mocks/AdvUC.go:44.2,44.15 1 0
github.com/himmel520/uoffer/mediaAd/internal/usecase/mocks/AdvUC.go:48.60,51.19 2 0
github.com/himmel520/uoffer/mediaAd/internal/usecase/mocks/AdvUC.go:51.19,52.48 1 0
github.com/himmel520/uoffer/mediaAd/internal/usecase/mocks/AdvUC.go:55.2,56.65 2 0
github.com/himmel520/uoffer/mediaAd/internal/usecase/mocks/AdvUC.go:56.65,58.3 1 0
github.com/himmel520/uoffer/mediaAd/internal/usecase/mocks/AdvUC.go:58.8,60.3 1 0
github.com/himmel520/uoffer/mediaAd/internal/usecase/mocks/AdvUC.go:62.2,62.11 1 0
github.com/himmel520/uoffer/mediaAd/internal/usecase/mocks/AdvUC.go:66.57,69.19 2 0
github.com/himmel520/uoffer/mediaAd/internal/usecase/mocks/AdvUC.go:69.19,70.53 1 0
github.com/himmel520/uoffer/mediaAd/internal/usecase/mocks/AdvUC.go:73.2,74.60 2 0
github.com/himmel520/uoffer/mediaAd/internal/usecase/mocks/AdvUC.go:74.60,76.3 1 0
github.com/himmel520/uoffer/mediaAd/internal/usecase/mocks/AdvUC.go:76.8,78.3 1 0
github.com/himmel520/uoffer/mediaAd/internal/usecase/mocks/AdvUC.go:80.2,80.11 1 0
github.com/himmel520/uoffer/mediaAd/internal/usecase/mocks/AdvUC.go:84.145,87.19 2 0
github.com/himmel520/uoffer/mediaAd/internal/usecase/mocks/AdvUC.go:87.19,88.58 1 0
github.com/himmel520/uoffer/mediaAd/internal/usecase/mocks/AdvUC.go:91.2,93.115 3 0
github.com/himmel520/uoffer/mediaAd/internal/usecase/mocks/AdvUC.go:93.115,95.3 1 0
github.com/himmel520/uoffer/mediaAd/internal/usecase/mocks/AdvUC.go:96.2,96.106 1 0
github.com/himmel520/uoffer/mediaAd/internal/usecase/mocks/AdvUC.go:96.106,98.3 1 0
github.com/himmel520/uoffer/mediaAd/internal/usecase/mocks/AdvUC.go:98.8,99.24 1 0
github.com/himmel520/uoffer/mediaAd/internal/usecase/mocks/AdvUC.go:99.24,101.4 1 0
github.com/himmel520/uoffer/mediaAd/internal/usecase/mocks/AdvUC.go:104.2,104.90 1 0
github.com/himmel520/uoffer/mediaAd/internal/usecase/mocks/AdvUC.go:104.90,106.3 1 0
github.com/himmel520/uoffer/mediaAd/internal/usecase/mocks/AdvUC.go:106.8,108.3 1 0
github.com/himmel520/uoffer/mediaAd/internal/usecase/mocks/AdvUC.go:110.2,110.15 1 0
github.com/himmel520/uoffer/mediaAd/internal/usecase/mocks/AdvUC.go:114.106,117.19 2 0
github.com/himmel520/uoffer/mediaAd/internal/usecase/mocks/AdvUC.go:117.19,118.48 1 0
github.com/himmel520/uoffer/mediaAd/internal/usecase/mocks/AdvUC.go:121.2,123.107 3 0
github.com/himmel520/uoffer/mediaAd/internal/usecase/mocks/AdvUC.go:123.107,125.3 1 0
github.com/himmel520/uoffer/mediaAd/internal/usecase/mocks/AdvUC.go:126.2,126.98 1 0
github.com/himmel520/uoffer/mediaAd/internal/usecase/mocks/AdvUC.go:126.98,128.3 1 0
github.com/himmel520/uoffer/mediaAd/internal/usecase/mocks/AdvUC.go:128.8,129.24 1 0
github.com/himmel520/uoffer/mediaAd/internal/usecase/mocks/AdvUC.go:129.24,131.4 1 0
github.com/himmel520/uoffer/mediaAd/internal/usecase/mocks/AdvUC.go:134.2,134.84 1 0
github.com/himmel520/uoffer/mediaAd/internal/usecase/mocks/AdvUC.go:134.84,136.3 1 0
github.com/himmel520/uoffer/mediaAd/internal/usecase/mocks/AdvUC.go:136.8,138.3 1 0
github.com/himmel520/uoffer/mediaAd/internal/usecase/mocks/AdvUC.go:140.2,140.15 1 0
github.com/himmel520/uoffer/mediaAd/internal/usecase/mocks/AdvUC.go:148.11,152.19 3 0
github.com/himmel520/uoffer/mediaAd/internal/usecase/mocks/AdvUC.go:152.19,152.49 1 0
github.com/himmel520/uoffer/mediaAd/internal/usecase/mocks/AdvUC.go:154.2,154.13 1 0
github.com/himmel520/uoffer/mediaAd/internal/usecase/mocks/AuthUC.go:13.73,16.19 2 0
github.com/himmel520/uoffer/mediaAd/internal/usecase/mocks/AuthUC.go:16.19,17.62 1 0
github.com/himmel520/uoffer/mediaAd/internal/usecase/mocks/AuthUC.go:20.2,22.61 3 0
github.com/himmel520/uoffer/mediaAd/internal/usecase/mocks/AuthUC.go:22.61,24.3 1 0
github.com/himmel520/uoffer/mediaAd/internal/usecase/mocks/AuthUC.go:25.2,25.52 1 0
github.com/himmel520/uoffer/mediaAd/internal/usecase/mocks/AuthUC.go:25.52,27.3 1 0
github.com/himmel520/uoffer/mediaAd/internal/usecase/mocks/AuthUC.go:27.8,29.3 1 0
github.com/himmel520/uoffer/mediaAd/internal/usecase/mocks/AuthUC.go:31.2,31.51 1 0
github.com/himmel520/uoffer/mediaAd/internal/usecase/mocks/AuthUC.go:31.51,33.3 1 0
github.com/himmel520/uoffer/mediaAd/internal/usecase/mocks/AuthUC.go:33.8,35.3 1 0
github.com/himmel520/uoffer/mediaAd/internal/usecase/mocks/AuthUC.go:37.2,37.15 1 0
github.com/himmel520/uoffer/mediaAd/internal/usecase/mocks/AuthUC.go:41.53,44.19 2 0
github.com/himmel520/uoffer/mediaAd/internal/usecase/mocks/AuthUC.go:44.19,45.53 1 0
github.com/himmel520/uoffer/mediaAd/internal/usecase/mocks/AuthUC.go:48.2,49.50 2 0
github.com/himmel520/uoffer/mediaAd/internal/usecase/mocks/AuthUC.go:49.50,51.3 1 0
github.com/himmel520/uoffer/mediaAd/internal/usecase/mocks/AuthUC.go:51.8,53.3 1 0
github.com/himmel520/uoffer/mediaAd/internal/usecase/mocks/AuthUC.go:55.2,55.11 1 0
github.com/himmel520/uoffer/mediaAd/internal/usecase/mocks/AuthUC.go:63.12,67.19 3 0
github.com/himmel520/uoffer/mediaAd/internal/usecase/mocks/AuthUC.go:67.19,67.49 1 0
github.com/himmel520/uoffer/mediaAd/internal/usecase/mocks/AuthUC.go:69.2,69.13 1 0
github.com/himmel520/uoffer/mediaAd/internal/usecase/mocks/ColorUC.go:18.93,21.19 2 0
github.com/himmel520/uoffer/mediaAd/internal/usecase/mocks/ColorUC.go:21.19,22.45 1 0
github.com/himmel520/uoffer/mediaAd/internal/usecase/mocks/ColorUC.go:25.2,27.96 3 0
github.com/himmel520/uoffer/mediaAd/internal/usecase/mocks/ColorUC.go:27.96,29.3 1 0
github.com/himmel520/uoffer/mediaAd/internal/usecase/mocks/ColorUC.go:30.2,30.87 1 0
github.com/himmel520/uoffer/mediaAd/internal/usecase/mocks/ColorUC.go:30.87,32.3 1 0
github.com/himmel520/uoffer/mediaAd/internal/usecase/mocks/ColorUC.go:32.8,33.24 1 0
github.com/himmel520/uoffer/mediaAd/internal/usecase/mocks/ColorUC.go:33.24,35.4 1 0
github.com/himmel520/uoffer/mediaAd/internal/usecase/mocks/ColorUC.go:38.2,38.75 1 0
github.com/himmel520/uoffer/mediaAd/internal/usecase/mocks/ColorUC.go:38.75,40.3 1 0
github.com/himmel520/uoffer/mediaAd/internal/usecase/mocks/ColorUC.go:40.8,42.3 1 0
github.com/himmel520/uoffer/mediaAd/internal/usecase/mocks/ColorUC.go:44.2,44.15 1 0
github.com/himmel520/uoffer/mediaAd/internal/usecase/mocks/ColorUC.go:48.62,51.19 2 0
github.com/himmel520/uoffer/mediaAd/internal/usecase/mocks/ColorUC.go:51.19,52.48 1 0
github.com/himmel520/uoffer/mediaAd/internal/usecase/mocks/ColorUC.go:55.2,56.65 2 0
github.com/himmel520/uoffer/mediaAd/internal/usecase/mocks/ColorUC.go:56.65,58.3 1 0
github.com/himmel520/uoffer/mediaAd/internal/usecase/mocks/ColorUC.go:58.8,60.3 1 0
github.com/himmel520/uoffer/mediaAd/internal/usecase/mocks/ColorUC.go:62.2,62.11 1 0
github.com/himmel520/uoffer/mediaAd/internal/usecase/mocks/ColorUC.go:66.113,69.19 2 0
github.com/himmel520/uoffer/mediaAd/internal/usecase/mocks/ColorUC.go:69.19,70.62 1 0
github.com/himmel520/uoffer/mediaAd/internal/usecase/mocks/ColorUC.go:73.2,75.92 3 0
github.com/himmel520/uoffer/mediaAd/internal/usecase/mocks/ColorUC.go:75.92,77.3 1 0
github.com/himmel520/uoffer/mediaAd/internal/usecase/mocks/ColorUC.go:78.2,78.83 1 0
github.com/himmel520/uoffer/mediaAd/internal/usecase/mocks/ColorUC.go:78.83,80.3 1 0
github.com/himmel520/uoffer/mediaAd/internal/usecase/mocks/ColorUC.go:80.8,81.24 1 0
github.com/himmel520/uoffer/mediaAd/internal/usecase/mocks/ColorUC.go:81.24,83.4 1 0
github.com/himmel520/uoffer/mediaAd/internal/usecase/mocks/ColorUC.go:86.2,86.70 1 0
github.com/himmel520/uoffer/mediaAd/internal/usecase/mocks/ColorUC.go:86.70,88.3 1 0
github.com/himmel520/uoffer/mediaAd/internal/usecase/mocks/ColorUC.go:88.8,90.3 1 0
github.com/himmel520/uoffer/mediaAd/internal/usecase/mocks/ColorUC.go:92.2,92.15 1 0
github.com/himmel520/uoffer/mediaAd/internal/usecase/mocks/ColorUC.go:96.110,99.19 2 0
github.com/himmel520/uoffer/mediaAd/internal/usecase/mocks/ColorUC.go:99.19,100.48 1 0
github.com/himmel520/uoffer/mediaAd/internal/usecase/mocks/ColorUC.go:103.2,105.107 3 0
github.com/himmel520/uoffer/mediaAd/internal/usecase/mocks/ColorUC.go:105.107,107.3 1 0
github.com/himmel520/uoffer/mediaAd/internal/usecase/mocks/ColorUC.go:108.2,108.98 1 0
github.com/himmel520/uoffer/mediaAd/internal/usecase/mocks/ColorUC.go:108.98,110.3 1 0
github.com/himmel520/uoffer/mediaAd/internal/usecase/mocks/ColorUC.go:110.8,111.24 1 0
github.com/himmel520/uoffer/mediaAd/internal/usecase/mocks/ColorUC.go:111.24,113.4 1 0
github.com/himmel520/uoffer/mediaAd/internal/usecase/mocks/ColorUC.go:116.2,116.86 1 0
github.com/himmel520/uoffer/mediaAd/internal/usecase/mocks/ColorUC.go:116.86,118.3 1 0
github.com/himmel520/uoffer/mediaAd/internal/usecase/mocks/ColorUC.go:118.8,120.3 1 0
github.com/himmel520/uoffer/mediaAd/internal/usecase/mocks/ColorUC.go:122.2,122.15 1 0
github.com/himmel520/uoffer/mediaAd/internal/usecase/mocks/ColorUC.go:130.13,134.19 3 0
github.com/himmel520/uoffer/mediaAd/internal/usecase/mocks/ColorUC.go:134.19,134.49 1 0
github.com/himmel520/uoffer/mediaAd/internal/usecase/mocks/ColorUC.go:136.2,136.13 1 0
github.com/himmel520/uoffer/mediaAd/internal/usecase/mocks/LogoCache.go:17.75,20.19 2 0
github.com/himmel520/uoffer/mediaAd/internal/usecase/mocks/LogoCache.go:20.19,21.45 1 0
github.com/himmel520/uoffer/mediaAd/internal/usecase/mocks/LogoCache.go:24.2,26.78 3 0
github.com/himmel520/uoffer/mediaAd/internal/usecase/mocks/LogoCache.go:26.78,28.3 1 0
github.com/himmel520/uoffer/mediaAd/internal/usecase/mocks/LogoCache.go:29.2,29.69 1 0
github.com/himmel520/uoffer/mediaAd/internal/usecase/mocks/LogoCache.go:29.69,31.3 1 0
github.com/himmel520/uoffer/mediaAd/internal/usecase/mocks/LogoCache.go:31.8,33.3 1 0
github.com/himmel520/uoffer/mediaAd/internal/usecase/mocks/LogoCache.go:35.2,35.68 1 0
github.com/himmel520/uoffer/mediaAd/internal/usecase/mocks/LogoCache.go:35.68,37.3 1 0
github.com/himmel520/uoffer/mediaAd/internal/usecase/mocks/LogoCache.go:37.8,39.3 1 0
github.com/himmel520/uoffer/mediaAd/internal/usecase/mocks/LogoCache.go:41.2,41.15 1 0
github.com/himmel520/uoffer/mediaAd/internal/usecase/mocks/LogoCache.go:49.15,53.19 3 0
github.com/himmel520/uoffer/mediaAd/internal/usecase/mocks/LogoCache.go:53.19,53.49 1 0
github.com/himmel520/uoffer/mediaAd/internal/usecase/mocks/LogoCache.go:55.2,55.13 1 0
github.com/himmel520/uoffer/mediaAd/internal/usecase/mocks/LogoUC.go:18.89,21.19 2 0
github.com/himmel520/uoffer/mediaAd/internal/usecase/mocks/LogoUC.go:21.19,22.45 1 0
github.com/himmel520/uoffer/mediaAd/internal/usecase/mocks/LogoUC.go:25.2,27.94 3 0
github.com/himmel520/uoffer/mediaAd/internal/usecase/mocks/LogoUC.go:27.94,29.3 1 0
github.com/himmel520/uoffer/mediaAd/internal/usecase/mocks/LogoUC.go:30.2,30.85 1 0
github.com/himmel520/uoffer/mediaAd/internal/usecase/mocks/LogoUC.go:30.85,32.3 1 0
github.com/himmel520/uoffer/mediaAd/internal/usecase/mocks/LogoUC.go:32.8,33.24 1 0
github.com/himmel520/uoffer/mediaAd/internal/usecase/mocks/LogoUC.go:33.24,35.4 1 0
github.com/himmel520/uoffer/mediaAd/internal/usecase/mocks/LogoUC.go:38.2,38.74 1 0
github.com/himmel520/uoffer/mediaAd/internal/usecase/mocks/LogoUC.go:38.74,40.3 1 0
github.com/himmel520/uoffer/mediaAd/internal/usecase/mocks/LogoUC.go:40.8,42.3 1 0
github.com/himmel520/uoffer/mediaAd/internal/usecase/mocks/LogoUC.go:44.2,44.15 1 0
github.com/himmel520/uoffer/mediaAd/internal/usecase/mocks/LogoUC.go:48.61,51.19 2 0
github.com/himmel520/uoffer/mediaAd/internal/usecase/mocks/LogoUC.go:51.19,52.48 1 0
github.com/himmel520/uoffer/mediaAd/internal/usecase/mocks/LogoUC.go:55.2,56.65 2 0
github.com/himmel520/uoffer/mediaAd/internal/usecase/mocks/LogoUC.go:56.65,58.3 1 0
github.com/himmel520/uoffer/mediaAd/internal/usecase/mocks/LogoUC.go:58.8,60.3 1 0
github.com/himmel520/uoffer/mediaAd/internal/usecase/mocks/LogoUC.go:62.2,62.11 1 0
github.com/himmel520/uoffer/mediaAd/internal/usecase/mocks/LogoUC.go:66.75,69.19 2 0
github.com/himmel520/uoffer/mediaAd/internal/usecase/mocks/LogoUC.go:69.19,70.48 1 0
github.com/himmel520/uoffer/mediaAd/internal/usecase/mocks/LogoUC.go:73.2,75.82 3 0
github.com/himmel520/uoffer/mediaAd/internal/usecase/mocks/LogoUC.go:75.82,77.3 1 0
github.com/himmel520/uoffer/mediaAd/internal/usecase/mocks/LogoUC.go:78.2,78.73 1 0
github.com/himmel520/uoffer/mediaAd/internal/usecase/mocks/LogoUC.go:78.73,80.3 1 0
github.com/himmel520/uoffer/mediaAd/internal/usecase/mocks/LogoUC.go:80.8,81.24 1 0
github.com/himmel520/uoffer/mediaAd/internal/usecase/mocks/LogoUC.go:81.24,83.4 1 0
github.com/himmel520/uoffer/mediaAd/internal/usecase/mocks/LogoUC.go:86.2,86.60 1 0
github.com/himmel520/uoffer/mediaAd/internal/usecase/mocks/LogoUC.go:86.60,88.3 1 0
github.com/himmel520/uoffer/mediaAd/internal/usecase/mocks/LogoUC.go:88.8,90.3 1 0
github.com/himmel520/uoffer/mediaAd/internal/usecase/mocks/LogoUC.go:92.2,92.15 1 0
github.com/himmel520/uoffer/mediaAd/internal/usecase/mocks/LogoUC.go:96.111,99.19 2 0
github.com/himmel520/uoffer/mediaAd/internal/usecase/mocks/LogoUC.go:99.19,100.62 1 0
github.com/himmel520/uoffer/mediaAd/internal/usecase/mocks/LogoUC.go:103.2,105.91 3 0
github.com/himmel520/uoffer/mediaAd/internal/usecase/mocks/LogoUC.go:105.91,107.3 1 0
github.com/himmel520/uoffer/mediaAd/internal/usecase/mocks/LogoUC.go:108.2,108.82 1 0
github.com/himmel520/uoffer/mediaAd/internal/usecase/mocks/LogoUC.go:108.82,110.3 1 0
github.com/himmel520/uoffer/mediaAd/internal/usecase/mocks/LogoUC.go:110.8,111.24 1 0
github.com/himmel520/uoffer/mediaAd/internal/usecase/mocks/LogoUC.go:111.24,113.4 1 0
github.com/himmel520/uoffer/mediaAd/internal/usecase/mocks/LogoUC.go:116.2,116.70 1 0
github.com/himmel520/uoffer/mediaAd/internal/usecase/mocks/LogoUC.go:116.70,118.3 1 0
github.com/himmel520/uoffer/mediaAd/internal/usecase/mocks/LogoUC.go:118.8,120.3 1 0
github.com/himmel520/uoffer/mediaAd/internal/usecase/mocks/LogoUC.go:122.2,122.15 1 0
github.com/himmel520/uoffer/mediaAd/internal/usecase/mocks/LogoUC.go:126.82,129.19 2 0
github.com/himmel520/uoffer/mediaAd/internal/usecase/mocks/LogoUC.go:129.19,130.49 1 0
github.com/himmel520/uoffer/mediaAd/internal/usecase/mocks/LogoUC.go:133.2,135.85 3 0
github.com/himmel520/uoffer/mediaAd/internal/usecase/mocks/LogoUC.go:135.85,137.3 1 0
github.com/himmel520/uoffer/mediaAd/internal/usecase/mocks/LogoUC.go:138.2,138.76 1 0
github.com/himmel520/uoffer/mediaAd/internal/usecase/mocks/LogoUC.go:138.76,140.3 1 0
github.com/himmel520/uoffer/mediaAd/internal/usecase/mocks/LogoUC.go:140.8,141.24 1 0
github.com/himmel520/uoffer/mediaAd/internal/usecase/mocks/LogoUC.go:141.24,143.4 1 0
github.com/himmel520/uoffer/mediaAd/internal/usecase/mocks/LogoUC.go:146.2,146.65 1 0
github.com/himmel520/uoffer/mediaAd/internal/usecase/mocks/LogoUC.go:146.65,148.3 1 0
github.com/himmel520/uoffer/mediaAd/internal/usecase/mocks/LogoUC.go:148.8,150.3 1 0
github.com/himmel520/uoffer/mediaAd/internal/usecase/mocks/LogoUC.go:152.2,152.15 1 0
github.com/himmel520/uoffer/mediaAd/internal/usecase/mocks/LogoUC.go:156.106,159.19 2 0
github.com/himmel520/uoffer/mediaAd/internal/usecase/mocks/LogoUC.go:159.19,160.48 1 0
github.com/himmel520/uoffer/mediaAd/internal/usecase/mocks/LogoUC.go:163.2,165.105 3 0
github.com/himmel520/uoffer/mediaAd/internal/usecase/mocks/LogoUC.go:165.105,167.3 1 0
github.com/himmel520/uoffer/mediaAd/internal/usecase/mocks/LogoUC.go:168.2,168.96 1 0
github.com/himmel520/uoffer/mediaAd/internal/usecase/mocks/LogoUC.go:168.96,170.3 1 0
github.com/himmel520/uoffer/mediaAd/internal/usecase/mocks/LogoUC.go:170.8,171.24 1 0
github.com/himmel520/uoffer/mediaAd/internal/usecase/mocks/LogoUC.go:171.24,173.4 1 0
github.com/himmel520/uoffer/mediaAd/internal/usecase/mocks/LogoUC.go:176.2,176.85 1 0
github.com/himmel520/uoffer/mediaAd/internal/usecase/mocks/LogoUC.go:176.85,178.3 1 0
github.com/himmel520/uoffer/mediaAd/internal/usecase/mocks/LogoUC.go:178.8,180.3 1 0
github.com/himmel520/uoffer/mediaAd/internal/usecase/mocks/LogoUC.go:182.2,182.15 1 0
github.com/himmel520/uoffer/mediaAd/internal/usecase/mocks/LogoUC.go:190.12,194.19 3 0
github.com/himmel520/uoffer/mediaAd/internal/usecase/mocks/LogoUC.go:194.19,194.49 1 0
github.com/himmel520/uoffer/mediaAd/internal/usecase/mocks/LogoUC.go:196.2,196.13 1 0
github.com/himmel520/uoffer/mediaAd/internal/usecase/mocks/TGUC.go:18.81,21.19 2 0
github.com/himmel520/uoffer/mediaAd/internal/usecase/mocks/TGUC.go:21.19,22.45 1 0
github.com/himmel520/uoffer/mediaAd/internal/usecase/mocks/TGUC.go:25.2,27.90 3 0
github.com/himmel520/uoffer/mediaAd/internal/usecase/mocks/TGUC.go:27.90,29.3 1 0
github.com/himmel520/uoffer/mediaAd/internal/usecase/mocks/TGUC.go:30.2,30.81 1 0
github.com/himmel520/uoffer/mediaAd/internal/usecase/mocks/TGUC.go:30.81,32.3 1 0
github.com/himmel520/uoffer/mediaAd/internal/usecase/mocks/TGUC.go:32.8,33.24 1 0
github.com/himmel520/uoffer/mediaAd/internal/usecase/mocks/TGUC.go:33.24,35.4 1 0
github.com/himmel520/uoffer/mediaAd/internal/usecase/mocks/TGUC.go:38.2,38.72 1 0
github.com/himmel520/uoffer/mediaAd/internal/usecase/mocks/TGUC.go:38.72,40.3 1 0
github.com/himmel520/uoffer/mediaAd/internal/usecase/mocks/TGUC.go:40.8,42.3 1 0
github.com/himmel520/uoffer/mediaAd/internal/usecase/mocks/TGUC.go:44.2,44.15 1 0
github.com/himmel520/uoffer/mediaAd/internal/usecase/mocks/TGUC.go:48.59,51.19 2 0
github.com/himmel520/uoffer/mediaAd/internal/usecase/mocks/TGUC.go:51.19,52.48 1 0
github.com/himmel520/uoffer/mediaAd/internal/usecase/mocks/TGUC.go:55.2,56.65 2 0
github.com/himmel520/uoffer/mediaAd/internal/usecase/mocks/TGUC.go:56.65,58.3 1 0
github.com/himmel520/uoffer/mediaAd/internal/usecase/mocks/TGUC.go:58.8,60.3 1 0
github.com/himmel520/uoffer/mediaAd/internal/usecase/mocks/TGUC.go:62.2,62.11 1 0
github.com/himmel520/uoffer/mediaAd/internal/usecase/mocks/TGUC.go:66.107,69.19 2 0
github.com/himmel520/uoffer/mediaAd/internal/usecase/mocks/TGUC.go:69.19,70.62 1 0
github.com/himmel520/uoffer/mediaAd/internal/usecase/mocks/TGUC.go:73.2,75.89 3 0
github.com/himmel520/uoffer/mediaAd/internal/usecase/mocks/TGUC.go:75.89,77.3 1 0
github.com/himmel520/uoffer/mediaAd/internal/usecase/mocks/TGUC.go:78.2,78.80 1 0
github.com/himmel520/uoffer/mediaAd/internal/usecase/mocks/TGUC.go:78.80,80.3 1 0
github.com/himmel520/uoffer/mediaAd/internal/usecase/mocks/TGUC.go:80.8,81.24 1 0
github.com/himmel520/uoffer/mediaAd/internal/usecase/mocks/TGUC.go:81.24,83.4 1 0
github.com/himmel520/uoffer/mediaAd/internal/usecase/mocks/TGUC.go:86.2,86.70 1 0
github.com/himmel520/uoffer/mediaAd/internal/usecase/mocks/TGUC.go:86.70,88.3 1 0
github.com/himmel520/uoffer/mediaAd/internal/usecase/mocks/TGUC.go:88.8,90.3 1 0
github.com/himmel520/uoffer/mediaAd/internal/usecase/mocks/TGUC.go:92.2,92.15 1 0
github.com/himmel520/uoffer/mediaAd/internal/usecase/mocks/TGUC.go:96.98,99.19 2 0
github.com/himmel520/uoffer/mediaAd/internal/usecase/mocks/TGUC.go:99.19,100.48 1 0
github.com/himmel520/uoffer/mediaAd/internal/usecase/mocks/TGUC.go:103.2,105.101 3 0
github.com/himmel520/uoffer/mediaAd/internal/usecase/mocks/TGUC.go:105.101,107.3 1 0
github.com/himmel520/uoffer/mediaAd/internal/usecase/mocks/TGUC.go:108.2,108.92 1 0
github.com/himmel520/uoffer/mediaAd/internal/usecase/mocks/TGUC.go:108.92,110.3 1 0
github.com/himmel520/uoffer/mediaAd/internal/usecase/mocks/TGUC.go:110.8,111.24 1 0
github.com/himmel520/uoffer/mediaAd/internal/usecase/mocks/TGUC.go:111.24,113.4 1 0
github.com/himmel520/uoffer/mediaAd/internal/usecase/mocks/TGUC.go:116.2,116.83 1 0
github.com/himmel520/uoffer/mediaAd/internal/usecase/mocks/TGUC.go:116.83,118.3 1 0
github.com/himmel520/uoffer/mediaAd/internal/usecase/mocks/TGUC.go:118.8,120.3 1 0
github.com/himmel520/uoffer/mediaAd/internal/usecase/mocks/TGUC.go:122.2,122.15 1 0
github.com/himmel520/uoffer/mediaAd/internal/usecase/mocks/TGUC.go:130.10,134.19 3 0
github.com/himmel520/uoffer/mediaAd/internal/usecase/mocks/TGUC.go:134.19,134.49 1 0
github.com/himmel520/uoffer/mediaAd/internal/usecase/mocks/TGUC.go:136.2,136.13 1 0
github.com/himmel520/uoffer/mediaAd/internal/infrastructure/cache/redis/redis.go:17.46,19.16 2 0
github.com/himmel520/uoffer/mediaAd/internal/infrastructure/cache/redis/redis.go:19.16,21.3 1 0
github.com/himmel520/uoffer/mediaAd/internal/infrastructure/cache/redis/redis.go:23.2,27.17 3 0
github.com/himmel520/uoffer/mediaAd/internal/infrastructure/cache/redis/redis.go:30.60,33.2 1 0
github.com/himmel520/uoffer/mediaAd/internal/infrastructure/cache/redis/redis.go:35.71,37.16 2 0
github.com/himmel520/uoffer/mediaAd/internal/infrastructure/cache/redis/redis.go:37.16,39.3 1 0
github.com/himmel520/uoffer/mediaAd/internal/infrastructure/cache/redis/redis.go:41.2,42.12 2 0
github.com/himmel520/uoffer/mediaAd/internal/infrastructure/cache/redis/redis.go:45.70,47.16 2 0
github.com/himmel520/uoffer/mediaAd/internal/infrastructure/cache/redis/redis.go:47.16,48.23 1 0
github.com/himmel520/uoffer/mediaAd/internal/infrastructure/cache/redis/redis.go:48.23,50.4 1 0
github.com/himmel520/uoffer/mediaAd/internal/infrastructure/cache/redis/redis.go:51.3,51.17 1 0
github.com/himmel520/uoffer/mediaAd/internal/infrastructure/cache/redis/redis.go:54.2,54.17 1 0
github.com/himmel520/uoffer/mediaAd/internal/infrastructure/cache/redis/redis.go:57.66,59.16 2 0
github.com/himmel520/uoffer/mediaAd/internal/infrastructure/cache/redis/redis.go:59.16,61.3 1 0
github.com/himmel520/uoffer/mediaAd/internal/infrastructure/cache/redis/redis.go:63.2,63.27 1 0
github.com/himmel520/uoffer/mediaAd/internal/infrastructure/cache/redis/redis.go:63.27,65.17 2 0
github.com/himmel520/uoffer/mediaAd/internal/infrastructure/cache/redis/redis.go:65.17,67.4 1 0
github.com/himmel520/uoffer/mediaAd/internal/infrastructure/cache/redis/redis.go:70.2,70.12 1 0
github.com/himmel520/uoffer/mediaAd/internal/usecase/adv.go:34.97,36.2 1 0
github.com/himmel520/uoffer/mediaAd/internal/usecase/adv.go:38.94,40.16 2 0
github.com/himmel520/uoffer/mediaAd/internal/usecase/adv.go:40.16,42.3 1 0
github.com/himmel520/uoffer/mediaAd/internal/usecase/adv.go:44.2,44.33 1 0
github.com/himmel520/uoffer/mediaAd/internal/usecase/adv.go:47.65,49.2 1 0
github.com/himmel520/uoffer/mediaAd/internal/usecase/adv.go:51.111,52.53 1 0
github.com/himmel520/uoffer/mediaAd/internal/usecase/adv.go:52.53,54.3 1 0
github.com/himmel520/uoffer/mediaAd/internal/usecase/adv.go:56.2,56.33 1 0
github.com/himmel520/uoffer/mediaAd/internal/usecase/adv.go:59.146,66.46 3 0
github.com/himmel520/uoffer/mediaAd/internal/usecase/adv.go:66.46,68.3 1 0
github.com/himmel520/uoffer/mediaAd/internal/usecase/adv.go:70.2,73.16 3 0
github.com/himmel520/uoffer/mediaAd/internal/usecase/adv.go:73.16,75.17 2 0
github.com/himmel520/uoffer/mediaAd/internal/usecase/adv.go:75.17,77.4 1 0
github.com/himmel520/uoffer/mediaAd/internal/usecase/adv.go:79.3,79.54 1 0
github.com/himmel520/uoffer/mediaAd/internal/usecase/adv.go:79.54,81.4 1 0
github.com/himmel520/uoffer/mediaAd/internal/usecase/adv.go:83.2,83.18 1 0
github.com/himmel520/uoffer/mediaAd/internal/usecase/adv.go:86.62,88.2 1 0
github.com/himmel520/uoffer/mediaAd/internal/usecase/adv.go:90.78,99.2 5 0
github.com/himmel520/uoffer/mediaAd/internal/usecase/auth.go:16.59,18.2 1 0
github.com/himmel520/uoffer/mediaAd/internal/usecase/auth.go:20.78,21.76 1 0
github.com/himmel520/uoffer/mediaAd/internal/usecase/auth.go:21.76,22.53 1 0
github.com/himmel520/uoffer/mediaAd/internal/usecase/auth.go:22.53,24.4 1 0
github.com/himmel520/uoffer/mediaAd/internal/usecase/auth.go:25.3,25.28 1 0
github.com/himmel520/uoffer/mediaAd/internal/usecase/auth.go:27.2,27.16 1 0
github.com/himmel520/uoffer/mediaAd/internal/usecase/auth.go:27.16,29.3 1 0
github.com/himmel520/uoffer/mediaAd/internal/usecase/auth.go:31.2,32.9 2 0
github.com/himmel520/uoffer/mediaAd/internal/usecase/auth.go:32.9,34.3 1 0
github.com/himmel520/uoffer/mediaAd/internal/usecase/auth.go:36.2,37.9 2 0
github.com/himmel520/uoffer/mediaAd/internal/usecase/auth.go:37.9,39.3 1 0
github.com/himmel520/uoffer/mediaAd/internal/usecase/auth.go:41.2,41.18 1 0
github.com/himmel520/uoffer/mediaAd/internal/usecase/auth.go:44.58,46.2 1 0
github.com/himmel520/uoffer/mediaAd/internal/usecase/color.go:17.83,19.2 1 0
github.com/himmel520/uoffer/mediaAd/internal/usecase/color.go:21.98,23.2 1 0
github.com/himmel520/uoffer/mediaAd/internal/usecase/color.go:25.115,27.2 1 0
github.com/himmel520/uoffer/mediaAd/internal/usecase/color.go:29.67,31.2 1 0
github.com/himmel520/uoffer/mediaAd/internal/usecase/color.go:33.114,35.16 2 0
github.com/himmel520/uoffer/mediaAd/internal/usecase/color.go:35.16,37.3 1 0
github.com/himmel520/uoffer/mediaAd/internal/usecase/color.go:39.2,40.16 2 0
github.com/himmel520/uoffer/mediaAd/internal/usecase/color.go:40.16,42.3 1 0
github.com/himmel520/uoffer/mediaAd/internal/usecase/color.go:44.2,47.8 1 0
github.com/himmel520/uoffer/mediaAd/internal/usecase/logo.go:30.100,32.2 1 0
github.com/himmel520/uoffer/mediaAd/internal/usecase/logo.go:34.94,36.2 1 0
github.com/himmel520/uoffer/mediaAd/internal/usecase/logo.go:38.111,40.2 1 0
github.com/himmel520/uoffer/mediaAd/internal/usecase/logo.go:42.66,44.2 1 0
github.com/himmel520/uoffer/mediaAd/internal/usecase/logo.go:46.87,48.2 1 0
github.com/himmel520/uoffer/mediaAd/internal/usecase/logo.go:50.80,52.2 1 0
github.com/himmel520/uoffer/mediaAd/internal/usecase/logo.go:54.112,59.46 3 0
github.com/himmel520/uoffer/mediaAd/internal/usecase/logo.go:59.46,61.3 1 0
github.com/himmel520/uoffer/mediaAd/internal/usecase/logo.go:63.2,65.16 3 0
github.com/himmel520/uoffer/mediaAd/internal/usecase/logo.go:65.16,67.17 2 0
github.com/himmel520/uoffer/mediaAd/internal/usecase/logo.go:67.17,69.4 1 0
github.com/himmel520/uoffer/mediaAd/internal/usecase/logo.go:70.3,73.9 1 0
github.com/himmel520/uoffer/mediaAd/internal/usecase/logo.go:77.2,80.8 1 0
github.com/himmel520/uoffer/mediaAd/internal/usecase/logo.go:84.53,92.2 5 0
github.com/himmel520/uoffer/mediaAd/internal/usecase/tg.go:17.74,19.2 1 0
github.com/himmel520/uoffer/mediaAd/internal/usecase/tg.go:21.86,23.2 1 0
github.com/himmel520/uoffer/mediaAd/internal/usecase/tg.go:25.103,27.2 1 0
github.com/himmel520/uoffer/mediaAd/internal/usecase/tg.go:29.64,31.2 1 0
github.com/himmel520/uoffer/mediaAd/internal/usecase/tg.go:33.108,35.16 2 0
github.com/himmel520/uoffer/mediaAd/internal/usecase/tg.go:35.16,37.3 1 0
github.com/himmel520/uoffer/mediaAd/internal/usecase/tg.go:39.2,40.16 2 0
github.com/himmel520/uoffer/mediaAd/internal/usecase/tg.go:40.16,42.3 1 0
github.com/himmel520/uoffer/mediaAd/internal/usecase/tg.go:44.2,47.8 1 0
github.com/himmel520/uoffer/mediaAd/internal/usecase/usecase.go:63.113,71.2 1 0
github.com/himmel520/uoffer/mediaAd/docs/docs.go:1211.13,1213.2 1 1
github.com/himmel520/uoffer/mediaAd/internal/controller/http/adv.go:24.42,26.41 2 0
github.com/himmel520/uoffer/mediaAd/internal/controller/http/adv.go:26.41,29.3 2 0
github.com/himmel520/uoffer/mediaAd/internal/controller/http/adv.go:31.2,32.9 2 0
github.com/himmel520/uoffer/mediaAd/internal/controller/http/adv.go:33.56,35.9 2 0
github.com/himmel520/uoffer/mediaAd/internal/controller/http/adv.go:36.18,38.9 2 0
github.com/himmel520/uoffer/mediaAd/internal/controller/http/adv.go:41.2,41.37 1 0
github.com/himmel520/uoffer/mediaAd/internal/controller/http/adv.go:53.45,57.9 3 0
github.com/himmel520/uoffer/mediaAd/internal/controller/http/adv.go:58.46,60.9 2 0
github.com/himmel520/uoffer/mediaAd/internal/controller/http/adv.go:61.18,63.9 2 0
github.com/himmel520/uoffer/mediaAd/internal/controller/http/adv.go:66.2,66.32 1 0
github.com/himmel520/uoffer/mediaAd/internal/controller/http/adv.go:82.45,86.41 3 0
github.com/himmel520/uoffer/mediaAd/internal/controller/http/adv.go:86.41,89.3 2 0
github.com/himmel520/uoffer/mediaAd/internal/controller/http/adv.go:91.2,91.19 1 0
github.com/himmel520/uoffer/mediaAd/internal/controller/http/adv.go:91.19,94.3 2 0
github.com/himmel520/uoffer/mediaAd/internal/controller/http/adv.go:96.2,97.9 2 0
github.com/himmel520/uoffer/mediaAd/internal/controller/http/adv.go:98.46,100.9 2 0
github.com/himmel520/uoffer/mediaAd/internal/controller/http/adv.go:101.56,103.9 2 0
github.com/himmel520/uoffer/mediaAd/internal/controller/http/adv.go:104.18,106.9 2 0
github.com/himmel520/uoffer/mediaAd/internal/controller/http/adv.go:109.2,109.32 1 0
github.com/himmel520/uoffer/mediaAd/internal/controller/http/adv.go:122.53,124.44 2 0
github.com/himmel520/uoffer/mediaAd/internal/controller/http/adv.go:124.44,127.3 2 0
github.com/himmel520/uoffer/mediaAd/internal/controller/http/adv.go:129.2,129.30 1 0
github.com/himmel520/uoffer/mediaAd/internal/controller/http/adv.go:129.30,131.3 1 0
github.com/himmel520/uoffer/mediaAd/internal/controller/http/adv.go:133.2,134.9 2 0
github.com/himmel520/uoffer/mediaAd/internal/controller/http/adv.go:135.46,137.9 2 0
github.com/himmel520/uoffer/mediaAd/internal/controller/http/adv.go:138.18,140.9 2 0
github.com/himmel520/uoffer/mediaAd/internal/controller/http/adv.go:143.2,143.29 1 0
github.com/himmel520/uoffer/mediaAd/internal/controller/http/color.go:24.44,26.43 2 0
github.com/himmel520/uoffer/mediaAd/internal/controller/http/color.go:26.43,29.3 2 0
github.com/himmel520/uoffer/mediaAd/internal/controller/http/color.go:31.2,32.9 2 0
github.com/himmel520/uoffer/mediaAd/internal/controller/http/color.go:33.48,35.9 2 0
github.com/himmel520/uoffer/mediaAd/internal/controller/http/color.go:37.18,40.9 3 0
github.com/himmel520/uoffer/mediaAd/internal/controller/http/color.go:44.2,44.38 1 0
github.com/himmel520/uoffer/mediaAd/internal/controller/http/color.go:59.47,63.43 3 0
github.com/himmel520/uoffer/mediaAd/internal/controller/http/color.go:63.43,66.3 2 0
github.com/himmel520/uoffer/mediaAd/internal/controller/http/color.go:68.2,68.21 1 0
github.com/himmel520/uoffer/mediaAd/internal/controller/http/color.go:68.21,71.3 2 0
github.com/himmel520/uoffer/mediaAd/internal/controller/http/color.go:73.2,74.9 2 0
github.com/himmel520/uoffer/mediaAd/internal/controller/http/color.go:75.48,77.9 2 0
github.com/himmel520/uoffer/mediaAd/internal/controller/http/color.go:78.48,80.9 2 0
github.com/himmel520/uoffer/mediaAd/internal/controller/http/color.go:81.18,84.9 3 0
github.com/himmel520/uoffer/mediaAd/internal/controller/http/color.go:87.2,87.33 1 0
github.com/himmel520/uoffer/mediaAd/internal/controller/http/color.go:100.47,104.9 3 0
github.com/himmel520/uoffer/mediaAd/internal/controller/http/color.go:105.55,107.9 2 0
github.com/himmel520/uoffer/mediaAd/internal/controller/http/color.go:108.48,110.9 2 0
github.com/himmel520/uoffer/mediaAd/internal/controller/http/color.go:111.18,114.9 3 0
github.com/himmel520/uoffer/mediaAd/internal/controller/http/color.go:117.2,117.32 1 0
github.com/himmel520/uoffer/mediaAd/internal/controller/http/color.go:130.45,132.44 2 0
github.com/himmel520/uoffer/mediaAd/internal/controller/http/color.go:132.44,135.3 2 0
github.com/himmel520/uoffer/mediaAd/internal/controller/http/color.go:137.2,138.9 2 0
github.com/himmel520/uoffer/mediaAd/internal/controller/http/color.go:139.48,141.9 2 0
github.com/himmel520/uoffer/mediaAd/internal/controller/http/color.go:142.18,145.9 3 0
github.com/himmel520/uoffer/mediaAd/internal/controller/http/color.go:148.2,148.31 1 0
github.com/himmel520/uoffer/mediaAd/internal/controller/http/entity.go:14.45,16.2 1 0
github.com/himmel520/uoffer/mediaAd/internal/controller/http/error.go:25.55,30.2 1 1
github.com/himmel520/uoffer/mediaAd/internal/controller/http/error.go:32.36,34.2 1 1
github.com/himmel520/uoffer/mediaAd/internal/controller/http/error.go:36.34,38.2 1 0
github.com/himmel520/uoffer/mediaAd/internal/controller/http/error.go:51.90,52.38 1 1
github.com/himmel520/uoffer/mediaAd/internal/controller/http/error.go:52.38,56.40 2 1
github.com/himmel520/uoffer/mediaAd/internal/controller/http/error.go:56.40,59.4 2 0
github.com/himmel520/uoffer/mediaAd/internal/controller/http/error.go:62.2,63.83 2 1
github.com/himmel520/uoffer/mediaAd/internal/controller/http/http.go:18.60,23.2 1 1
github.com/himmel520/uoffer/mediaAd/internal/controller/http/http.go:25.44,29.2 3 0
github.com/himmel520/uoffer/mediaAd/internal/controller/http/http.go:29.2,33.3 3 0
github.com/himmel520/uoffer/mediaAd/internal/controller/http/http.go:33.3,38.4 3 0
github.com/himmel520/uoffer/mediaAd/internal/controller/http/http.go:40.3,41.3 2 0
github.com/himmel520/uoffer/mediaAd/internal/controller/http/http.go:41.3,43.4 1 0
github.com/himmel520/uoffer/mediaAd/internal/controller/http/http.go:46.3,47.3 2 0
github.com/himmel520/uoffer/mediaAd/internal/controller/http/http.go:47.3,49.4 2 0
github.com/himmel520/uoffer/mediaAd/internal/controller/http/http.go:49.4,56.5 5 0
github.com/himmel520/uoffer/mediaAd/internal/controller/http/http.go:58.4,59.4 2 0
github.com/himmel520/uoffer/mediaAd/internal/controller/http/http.go:59.4,66.5 5 0
github.com/himmel520/uoffer/mediaAd/internal/controller/http/http.go:68.4,69.4 2 0
github.com/himmel520/uoffer/mediaAd/internal/controller/http/http.go:69.4,76.5 5 0
github.com/himmel520/uoffer/mediaAd/internal/controller/http/http.go:78.4,79.4 2 0
github.com/himmel520/uoffer/mediaAd/internal/controller/http/http.go:79.4,85.5 4 0
github.com/himmel520/uoffer/mediaAd/internal/controller/http/http.go:89.2,89.10 1 0
github.com/himmel520/uoffer/mediaAd/internal/controller/http/logo.go:22.43,24.42 2 1
github.com/himmel520/uoffer/mediaAd/internal/controller/http/logo.go:24.42,27.3 2 1
github.com/himmel520/uoffer/mediaAd/internal/controller/http/logo.go:29.2,30.16 2 1
github.com/himmel520/uoffer/mediaAd/internal/controller/http/logo.go:30.16,32.3 1 1
github.com/himmel520/uoffer/mediaAd/internal/controller/http/logo.go:34.2,34.37 1 1
github.com/himmel520/uoffer/mediaAd/internal/controller/http/logo.go:49.46,53.42 3 1
github.com/himmel520/uoffer/mediaAd/internal/controller/http/logo.go:53.42,56.3 2 1
github.com/himmel520/uoffer/mediaAd/internal/controller/http/logo.go:58.2,58.20 1 1
github.com/himmel520/uoffer/mediaAd/internal/controller/http/logo.go:58.20,61.3 2 1
github.com/himmel520/uoffer/mediaAd/internal/controller/http/logo.go:63.2,64.16 2 1
github.com/himmel520/uoffer/mediaAd/internal/controller/http/logo.go:64.16,66.3 1 1
github.com/himmel520/uoffer/mediaAd/internal/controller/http/logo.go:68.2,68.32 1 1
github.com/himmel520/uoffer/mediaAd/internal/controller/http/logo.go:81.46,85.16 3 0
github.com/himmel520/uoffer/mediaAd/internal/controller/http/logo.go:85.16,87.3 1 0
github.com/himmel520/uoffer/mediaAd/internal/controller/http/logo.go:89.2,89.32 1 0
github.com/himmel520/uoffer/mediaAd/internal/controller/http/logo.go:102.53,104.44 2 0
github.com/himmel520/uoffer/mediaAd/internal/controller/http/logo.go:104.44,107.3 2 0
github.com/himmel520/uoffer/mediaAd/internal/controller/http/logo.go:109.2,110.16 2 0
github.com/himmel520/uoffer/mediaAd/internal/controller/http/logo.go:110.16,112.3 1 0
github.com/himmel520/uoffer/mediaAd/internal/controller/http/logo.go:114.2,114.30 1 0
github.com/himmel520/uoffer/mediaAd/internal/controller/http/logo.go:126.44,128.16 2 1
github.com/himmel520/uoffer/mediaAd/internal/controller/http/logo.go:128.16,130.3 1 1
github.com/himmel520/uoffer/mediaAd/internal/controller/http/logo.go:132.2,132.30 1 1
github.com/himmel520/uoffer/mediaAd/internal/controller/http/logo.go:144.43,148.16 3 1
github.com/himmel520/uoffer/mediaAd/internal/controller/http/logo.go:148.16,150.3 1 1
github.com/himmel520/uoffer/mediaAd/internal/controller/http/logo.go:152.2,152.29 1 1
github.com/himmel520/uoffer/mediaAd/internal/controller/http/middleware.go:12.48,13.30 1 1
github.com/himmel520/uoffer/mediaAd/internal/controller/http/middleware.go:13.30,15.17 2 1
github.com/himmel520/uoffer/mediaAd/internal/controller/http/middleware.go:15.17,18.4 2 1
github.com/himmel520/uoffer/mediaAd/internal/controller/http/middleware.go:20.3,20.14 1 1
github.com/himmel520/uoffer/mediaAd/internal/controller/http/middleware.go:20.14,23.4 2 1
github.com/himmel520/uoffer/mediaAd/internal/controller/http/middleware.go:27.52,28.30 1 1
github.com/himmel520/uoffer/mediaAd/internal/controller/http/middleware.go:28.30,30.23 2 1
github.com/himmel520/uoffer/mediaAd/internal/controller/http/middleware.go:30.23,33.4 2 1
github.com/himmel520/uoffer/mediaAd/internal/controller/http/middleware.go:35.3,36.41 2 1
github.com/himmel520/uoffer/mediaAd/internal/controller/http/middleware.go:36.41,39.4 2 1
github.com/himmel520/uoffer/mediaAd/internal/controller/http/middleware.go:41.3,42.17 2 1
github.com/himmel520/uoffer/mediaAd/internal/controller/http/middleware.go:42.17,46.4 3 0
github.com/himmel520/uoffer/mediaAd/internal/controller/http/middleware.go:48.3,48.39 1 1
github.com/himmel520/uoffer/mediaAd/internal/controller/http/middleware.go:48.39,51.4 2 1
github.com/himmel520/uoffer/mediaAd/internal/controller/http/middleware.go:55.59,56.30 1 1
github.com/himmel520/uoffer/mediaAd/internal/controller/http/middleware.go:56.30,58.41 1 1
github.com/himmel520/uoffer/mediaAd/internal/controller/http/middleware.go:58.41,60.4 1 1
github.com/himmel520/uoffer/mediaAd/internal/controller/http/middleware.go:63.3,66.20 2 1
github.com/himmel520/uoffer/mediaAd/internal/controller/http/middleware.go:66.20,68.4 1 1
github.com/himmel520/uoffer/mediaAd/internal/controller/http/middleware.go:70.3,70.68 1 1
github.com/himmel520/uoffer/mediaAd/internal/controller/http/middleware.go:70.68,72.4 1 0
github.com/himmel520/uoffer/mediaAd/internal/controller/http/tg.go:24.41,26.40 2 0
github.com/himmel520/uoffer/mediaAd/internal/controller/http/tg.go:26.40,29.3 2 0
github.com/himmel520/uoffer/mediaAd/internal/controller/http/tg.go:31.2,32.16 2 0
github.com/himmel520/uoffer/mediaAd/internal/controller/http/tg.go:32.16,33.41 1 0
github.com/himmel520/uoffer/mediaAd/internal/controller/http/tg.go:33.41,36.4 2 0
github.com/himmel520/uoffer/mediaAd/internal/controller/http/tg.go:38.3,40.9 3 0
github.com/himmel520/uoffer/mediaAd/internal/controller/http/tg.go:43.2,43.35 1 0
github.com/himmel520/uoffer/mediaAd/internal/controller/http/tg.go:56.42,58.44 2 0
github.com/himmel520/uoffer/mediaAd/internal/controller/http/tg.go:58.44,61.3 2 0
github.com/himmel520/uoffer/mediaAd/internal/controller/http/tg.go:63.2,64.9 2 0
github.com/himmel520/uoffer/mediaAd/internal/controller/http/tg.go:65.45,67.9 2 0
github.com/himmel520/uoffer/mediaAd/internal/controller/http/tg.go:68.18,71.9 3 0
github.com/himmel520/uoffer/mediaAd/internal/controller/http/tg.go:74.2,74.28 1 0
github.com/himmel520/uoffer/mediaAd/internal/controller/http/tg.go:89.44,93.40 3 0
github.com/himmel520/uoffer/mediaAd/internal/controller/http/tg.go:93.40,96.3 2 0
github.com/himmel520/uoffer/mediaAd/internal/controller/http/tg.go:98.2,98.18 1 0
github.com/himmel520/uoffer/mediaAd/internal/controller/http/tg.go:98.18,101.3 2 0
github.com/himmel520/uoffer/mediaAd/internal/controller/http/tg.go:103.2,104.9 2 0
github.com/himmel520/uoffer/mediaAd/internal/controller/http/tg.go:105.42,107.9 2 0
github.com/himmel520/uoffer/mediaAd/internal/controller/http/tg.go:108.45,110.9 2 0
github.com/himmel520/uoffer/mediaAd/internal/controller/http/tg.go:111.18,114.9 3 0
github.com/himmel520/uoffer/mediaAd/internal/controller/http/tg.go:117.2,117.30 1 0
github.com/himmel520/uoffer/mediaAd/internal/controller/http/tg.go:130.44,134.9 3 0
github.com/himmel520/uoffer/mediaAd/internal/controller/http/tg.go:135.52,137.9 2 0
github.com/himmel520/uoffer/mediaAd/internal/controller/http/tg.go:138.45,140.9 2 0
github.com/himmel520/uoffer/mediaAd/internal/controller/http/tg.go:141.18,144.9 3 0
github.com/himmel520/uoffer/mediaAd/internal/controller/http/tg.go:147.2,147.32 1 0
github.com/himmel520/uoffer/mediaAd/internal/entity/adv.go:35.36,37.2 1 0
github.com/himmel520/uoffer/mediaAd/internal/entity/colors.go:20.38,22.2 1 0
github.com/himmel520/uoffer/mediaAd/internal/entity/logo.go:14.37,16.2 1 1
github.com/himmel520/uoffer/mediaAd/internal/entity/tg.go:14.35,16.2 1 0
github.com/himmel520/uoffer/mediaAd/internal/infrastructure/cache/cache.go:15.56,18.2 2 0
github.com/himmel520/uoffer/mediaAd/internal/infrastructure/cache/redis/redis.go:17.46,19.16 2 0
github.com/himmel520/uoffer/mediaAd/internal/infrastructure/cache/redis/redis.go:19.16,21.3 1 0
github.com/himmel520/uoffer/mediaAd/internal/infrastructure/cache/redis/redis.go:23.2,27.17 3 0
github.com/himmel520/uoffer/mediaAd/internal/infrastructure/cache/redis/redis.go:30.60,33.2 1 0
github.com/himmel520/uoffer/mediaAd/internal/infrastructure/cache/redis/redis.go:35.71,37.16 2 0
github.com/himmel520/uoffer/mediaAd/internal/infrastructure/cache/redis/redis.go:37.16,39.3 1 0
github.com/himmel520/uoffer/mediaAd/internal/infrastructure/cache/redis/redis.go:41.2,42.12 2 0
github.com/himmel520/uoffer/mediaAd/internal/infrastructure/cache/redis/redis.go:45.70,47.16 2 0
github.com/himmel520/uoffer/mediaAd/internal/infrastructure/cache/redis/redis.go:47.16,48.23 1 0
github.com/himmel520/uoffer/mediaAd/internal/infrastructure/cache/redis/redis.go:48.23,50.4 1 0
github.com/himmel520/uoffer/mediaAd/internal/infrastructure/cache/redis/redis.go:51.3,51.17 1 0
github.com/himmel520/uoffer/mediaAd/internal/infrastructure/cache/redis/redis.go:54.2,54.17 1 0
github.com/himmel520/uoffer/mediaAd/internal/infrastructure/cache/redis/redis.go:57.66,59.16 2 0
github.com/himmel520/uoffer/mediaAd/internal/infrastructure/cache/redis/redis.go:59.16,61.3 1 0
github.com/himmel520/uoffer/mediaAd/internal/infrastructure/cache/redis/redis.go:63.2,63.27 1 0
github.com/himmel520/uoffer/mediaAd/internal/infrastructure/cache/redis/redis.go:63.27,65.17 2 0
github.com/himmel520/uoffer/mediaAd/internal/infrastructure/cache/redis/redis.go:65.17,67.4 1 0
github.com/himmel520/uoffer/mediaAd/internal/infrastructure/cache/redis/redis.go:70.2,70.12 1 0
github.com/himmel520/uoffer/mediaAd/internal/infrastructure/repository/repository.go:55.42,62.2 1 0
github.com/himmel520/uoffer/mediaAd/internal/infrastructure/repository/postgres/adv.go:21.44,23.2 1 0
github.com/himmel520/uoffer/mediaAd/internal/infrastructure/repository/postgres/adv.go:25.74,36.28 4 0
github.com/himmel520/uoffer/mediaAd/internal/infrastructure/repository/postgres/adv.go:36.28,37.40 1 0
github.com/himmel520/uoffer/mediaAd/internal/infrastructure/repository/postgres/adv.go:37.40,39.4 1 0
github.com/himmel520/uoffer/mediaAd/internal/infrastructure/repository/postgres/adv.go:42.2,42.16 1 0
github.com/himmel520/uoffer/mediaAd/internal/infrastructure/repository/postgres/adv.go:45.85,65.35 3 0
github.com/himmel520/uoffer/mediaAd/internal/infrastructure/repository/postgres/adv.go:65.35,67.3 1 0
github.com/himmel520/uoffer/mediaAd/internal/infrastructure/repository/postgres/adv.go:69.2,69.17 1 0
github.com/himmel520/uoffer/mediaAd/internal/infrastructure/repository/postgres/adv.go:72.61,74.32 2 0
github.com/himmel520/uoffer/mediaAd/internal/infrastructure/repository/postgres/adv.go:74.32,76.3 1 0
github.com/himmel520/uoffer/mediaAd/internal/infrastructure/repository/postgres/adv.go:77.2,77.12 1 0
github.com/himmel520/uoffer/mediaAd/internal/infrastructure/repository/postgres/adv.go:81.84,85.23 3 0
github.com/himmel520/uoffer/mediaAd/internal/infrastructure/repository/postgres/adv.go:85.23,88.3 2 0
github.com/himmel520/uoffer/mediaAd/internal/infrastructure/repository/postgres/adv.go:90.2,90.24 1 0
github.com/himmel520/uoffer/mediaAd/internal/infrastructure/repository/postgres/adv.go:90.24,93.3 2 0
github.com/himmel520/uoffer/mediaAd/internal/infrastructure/repository/postgres/adv.go:95.2,95.21 1 0
github.com/himmel520/uoffer/mediaAd/internal/infrastructure/repository/postgres/adv.go:95.21,98.3 2 0
github.com/himmel520/uoffer/mediaAd/internal/infrastructure/repository/postgres/adv.go:100.2,100.21 1 0
github.com/himmel520/uoffer/mediaAd/internal/infrastructure/repository/postgres/adv.go:100.21,103.3 2 0
github.com/himmel520/uoffer/mediaAd/internal/infrastructure/repository/postgres/adv.go:105.2,105.22 1 0
github.com/himmel520/uoffer/mediaAd/internal/infrastructure/repository/postgres/adv.go:105.22,108.3 2 0
github.com/himmel520/uoffer/mediaAd/internal/infrastructure/repository/postgres/adv.go:110.2,110.28 1 0
github.com/himmel520/uoffer/mediaAd/internal/infrastructure/repository/postgres/adv.go:110.28,113.3 2 0
github.com/himmel520/uoffer/mediaAd/internal/infrastructure/repository/postgres/adv.go:115.2,115.25 1 0
github.com/himmel520/uoffer/mediaAd/internal/infrastructure/repository/postgres/adv.go:115.25,118.3 2 0
github.com/himmel520/uoffer/mediaAd/internal/infrastructure/repository/postgres/adv.go:120.2,128.28 5 0
github.com/himmel520/uoffer/mediaAd/internal/infrastructure/repository/postgres/adv.go:128.28,129.40 1 0
github.com/himmel520/uoffer/mediaAd/internal/infrastructure/repository/postgres/adv.go:129.40,131.4 1 0
github.com/himmel520/uoffer/mediaAd/internal/infrastructure/repository/postgres/adv.go:134.2,134.32 1 0
github.com/himmel520/uoffer/mediaAd/internal/infrastructure/repository/postgres/adv.go:134.32,136.3 1 0
github.com/himmel520/uoffer/mediaAd/internal/infrastructure/repository/postgres/adv.go:138.2,138.12 1 0
github.com/himmel520/uoffer/mediaAd/internal/infrastructure/repository/postgres/adv.go:141.142,165.16 4 0
github.com/himmel520/uoffer/mediaAd/internal/infrastructure/repository/postgres/adv.go:165.16,167.3 1 0
github.com/himmel520/uoffer/mediaAd/internal/infrastructure/repository/postgres/adv.go:168.2,171.18 3 0
github.com/himmel520/uoffer/mediaAd/internal/infrastructure/repository/postgres/adv.go:171.18,175.61 2 0
github.com/himmel520/uoffer/mediaAd/internal/infrastructure/repository/postgres/adv.go:175.61,177.4 1 0
github.com/himmel520/uoffer/mediaAd/internal/infrastructure/repository/postgres/adv.go:179.3,179.27 1 0
github.com/himmel520/uoffer/mediaAd/internal/infrastructure/repository/postgres/adv.go:182.2,182.20 1 0
github.com/himmel520/uoffer/mediaAd/internal/infrastructure/repository/postgres/adv.go:182.20,184.3 1 0
github.com/himmel520/uoffer/mediaAd/internal/infrastructure/repository/postgres/adv.go:186.2,186.18 1 0
github.com/himmel520/uoffer/mediaAd/internal/infrastructure/repository/postgres/color.go:21.48,23.2 1 0
github.com/himmel520/uoffer/mediaAd/internal/infrastructure/repository/postgres/color.go:25.94,36.70 4 0
github.com/himmel520/uoffer/mediaAd/internal/infrastructure/repository/postgres/color.go:36.70,38.3 1 0
github.com/himmel520/uoffer/mediaAd/internal/infrastructure/repository/postgres/color.go:40.2,40.22 1 0
github.com/himmel520/uoffer/mediaAd/internal/infrastructure/repository/postgres/color.go:43.111,46.24 3 0
github.com/himmel520/uoffer/mediaAd/internal/infrastructure/repository/postgres/color.go:46.24,49.3 2 0
github.com/himmel520/uoffer/mediaAd/internal/infrastructure/repository/postgres/color.go:51.2,51.22 1 0
github.com/himmel520/uoffer/mediaAd/internal/infrastructure/repository/postgres/color.go:51.22,54.3 2 0
github.com/himmel520/uoffer/mediaAd/internal/infrastructure/repository/postgres/color.go:56.2,66.35 5 0
github.com/himmel520/uoffer/mediaAd/internal/infrastructure/repository/postgres/color.go:66.35,68.3 1 0
github.com/himmel520/uoffer/mediaAd/internal/infrastructure/repository/postgres/color.go:70.2,71.70 2 0
github.com/himmel520/uoffer/mediaAd/internal/infrastructure/repository/postgres/color.go:71.70,73.3 1 0
github.com/himmel520/uoffer/mediaAd/internal/infrastructure/repository/postgres/color.go:75.2,75.22 1 0
github.com/himmel520/uoffer/mediaAd/internal/infrastructure/repository/postgres/color.go:78.63,83.32 2 0
github.com/himmel520/uoffer/mediaAd/internal/infrastructure/repository/postgres/color.go:83.32,85.3 1 0
github.com/himmel520/uoffer/mediaAd/internal/infrastructure/repository/postgres/color.go:87.2,88.65 2 0
github.com/himmel520/uoffer/mediaAd/internal/infrastructure/repository/postgres/color.go:88.65,90.3 1 0
github.com/himmel520/uoffer/mediaAd/internal/infrastructure/repository/postgres/color.go:92.2,92.12 1 0
github.com/himmel520/uoffer/mediaAd/internal/infrastructure/repository/postgres/color.go:95.111,101.16 2 0
github.com/himmel520/uoffer/mediaAd/internal/infrastructure/repository/postgres/color.go:101.16,103.3 1 0
github.com/himmel520/uoffer/mediaAd/internal/infrastructure/repository/postgres/color.go:104.2,107.18 3 0
github.com/himmel520/uoffer/mediaAd/internal/infrastructure/repository/postgres/color.go:107.18,109.72 2 0
github.com/himmel520/uoffer/mediaAd/internal/infrastructure/repository/postgres/color.go:109.72,111.4 1 0
github.com/himmel520/uoffer/mediaAd/internal/infrastructure/repository/postgres/color.go:113.3,113.33 1 0
github.com/himmel520/uoffer/mediaAd/internal/infrastructure/repository/postgres/color.go:116.2,116.22 1 0
github.com/himmel520/uoffer/mediaAd/internal/infrastructure/repository/postgres/color.go:116.22,118.3 1 0
github.com/himmel520/uoffer/mediaAd/internal/infrastructure/repository/postgres/color.go:120.2,120.20 1 0
github.com/himmel520/uoffer/mediaAd/internal/infrastructure/repository/postgres/color.go:123.61,127.2 3 0
github.com/himmel520/uoffer/mediaAd/internal/infrastructure/repository/postgres/logo.go:21.47,23.2 1 0
github.com/himmel520/uoffer/mediaAd/internal/infrastructure/repository/postgres/logo.go:25.90,36.70 4 0
github.com/himmel520/uoffer/mediaAd/internal/infrastructure/repository/postgres/logo.go:36.70,38.3 1 0
github.com/himmel520/uoffer/mediaAd/internal/infrastructure/repository/postgres/logo.go:40.2,40.21 1 0
github.com/himmel520/uoffer/mediaAd/internal/infrastructure/repository/postgres/logo.go:43.107,46.21 3 0
github.com/himmel520/uoffer/mediaAd/internal/infrastructure/repository/postgres/logo.go:46.21,49.3 2 0
github.com/himmel520/uoffer/mediaAd/internal/infrastructure/repository/postgres/logo.go:51.2,51.23 1 0
github.com/himmel520/uoffer/mediaAd/internal/infrastructure/repository/postgres/logo.go:51.23,54.3 2 0
github.com/himmel520/uoffer/mediaAd/internal/infrastructure/repository/postgres/logo.go:56.2,67.9 6 0
github.com/himmel520/uoffer/mediaAd/internal/infrastructure/repository/postgres/logo.go:68.37,69.38 1 0
github.com/himmel520/uoffer/mediaAd/internal/infrastructure/repository/postgres/logo.go:70.72,71.35 1 0
github.com/himmel520/uoffer/mediaAd/internal/infrastructure/repository/postgres/logo.go:74.2,74.21 1 0
github.com/himmel520/uoffer/mediaAd/internal/infrastructure/repository/postgres/logo.go:77.62,83.28 3 0
github.com/himmel520/uoffer/mediaAd/internal/infrastructure/repository/postgres/logo.go:83.28,84.40 1 0
github.com/himmel520/uoffer/mediaAd/internal/infrastructure/repository/postgres/logo.go:84.40,86.4 1 0
github.com/himmel520/uoffer/mediaAd/internal/infrastructure/repository/postgres/logo.go:89.2,89.32 1 0
github.com/himmel520/uoffer/mediaAd/internal/infrastructure/repository/postgres/logo.go:89.32,91.3 1 0
github.com/himmel520/uoffer/mediaAd/internal/infrastructure/repository/postgres/logo.go:93.2,93.12 1 0
github.com/himmel520/uoffer/mediaAd/internal/infrastructure/repository/postgres/logo.go:96.83,102.35 3 0
github.com/himmel520/uoffer/mediaAd/internal/infrastructure/repository/postgres/logo.go:102.35,104.3 1 0
github.com/himmel520/uoffer/mediaAd/internal/infrastructure/repository/postgres/logo.go:106.2,106.18 1 0
github.com/himmel520/uoffer/mediaAd/internal/infrastructure/repository/postgres/logo.go:109.76,114.16 2 0
github.com/himmel520/uoffer/mediaAd/internal/infrastructure/repository/postgres/logo.go:114.16,116.3 1 0
github.com/himmel520/uoffer/mediaAd/internal/infrastructure/repository/postgres/logo.go:117.2,120.18 3 0
github.com/himmel520/uoffer/mediaAd/internal/infrastructure/repository/postgres/logo.go:120.18,122.69 2 0
github.com/himmel520/uoffer/mediaAd/internal/infrastructure/repository/postgres/logo.go:122.69,124.4 1 0
github.com/himmel520/uoffer/mediaAd/internal/infrastructure/repository/postgres/logo.go:126.3,126.30 1 0
github.com/himmel520/uoffer/mediaAd/internal/infrastructure/repository/postgres/logo.go:129.2,129.21 1 0
github.com/himmel520/uoffer/mediaAd/internal/infrastructure/repository/postgres/logo.go:129.21,131.3 1 0
github.com/himmel520/uoffer/mediaAd/internal/infrastructure/repository/postgres/logo.go:133.2,133.19 1 0
github.com/himmel520/uoffer/mediaAd/internal/infrastructure/repository/postgres/logo.go:136.111,142.16 2 0
github.com/himmel520/uoffer/mediaAd/internal/infrastructure/repository/postgres/logo.go:142.16,144.3 1 0
github.com/himmel520/uoffer/mediaAd/internal/infrastructure/repository/postgres/logo.go:145.2,148.18 3 0
github.com/himmel520/uoffer/mediaAd/internal/infrastructure/repository/postgres/logo.go:148.18,150.69 2 0
github.com/himmel520/uoffer/mediaAd/internal/infrastructure/repository/postgres/logo.go:150.69,152.4 1 0
github.com/himmel520/uoffer/mediaAd/internal/infrastructure/repository/postgres/logo.go:154.3,154.24 1 0
github.com/himmel520/uoffer/mediaAd/internal/infrastructure/repository/postgres/logo.go:157.2,157.21 1 0
github.com/himmel520/uoffer/mediaAd/internal/infrastructure/repository/postgres/logo.go:157.21,159.3 1 0
github.com/himmel520/uoffer/mediaAd/internal/infrastructure/repository/postgres/logo.go:161.2,161.19 1 0
github.com/himmel520/uoffer/mediaAd/internal/infrastructure/repository/postgres/logo.go:164.60,168.2 3 0
github.com/himmel520/uoffer/mediaAd/internal/infrastructure/repository/postgres/postgres.go:9.50,11.16 2 0
github.com/himmel520/uoffer/mediaAd/internal/infrastructure/repository/postgres/postgres.go:11.16,13.3 1 0
github.com/himmel520/uoffer/mediaAd/internal/infrastructure/repository/postgres/postgres.go:15.2,15.56 1 0
github.com/himmel520/uoffer/mediaAd/internal/infrastructure/repository/postgres/postgres.go:15.56,17.3 1 0
github.com/himmel520/uoffer/mediaAd/internal/infrastructure/repository/postgres/postgres.go:19.2,19.18 1 0
github.com/himmel520/uoffer/mediaAd/internal/infrastructure/repository/postgres/tg.go:21.42,23.2 1 0
github.com/himmel520/uoffer/mediaAd/internal/infrastructure/repository/postgres/tg.go:25.82,36.70 4 0
github.com/himmel520/uoffer/mediaAd/internal/infrastructure/repository/postgres/tg.go:36.70,38.3 1 0
github.com/himmel520/uoffer/mediaAd/internal/infrastructure/repository/postgres/tg.go:40.2,40.19 1 0
github.com/himmel520/uoffer/mediaAd/internal/infrastructure/repository/postgres/tg.go:43.99,46.19 3 0
github.com/himmel520/uoffer/mediaAd/internal/infrastructure/repository/postgres/tg.go:46.19,49.3 2 0
github.com/himmel520/uoffer/mediaAd/internal/infrastructure/repository/postgres/tg.go:51.2,51.21 1 0
github.com/himmel520/uoffer/mediaAd/internal/infrastructure/repository/postgres/tg.go:51.21,54.3 2 0
github.com/himmel520/uoffer/mediaAd/internal/infrastructure/repository/postgres/tg.go:56.2,67.9 6 0
github.com/himmel520/uoffer/mediaAd/internal/infrastructure/repository/postgres/tg.go:68.37,69.36 1 0
github.com/himmel520/uoffer/mediaAd/internal/infrastructure/repository/postgres/tg.go:70.72,71.33 1 0
github.com/himmel520/uoffer/mediaAd/internal/infrastructure/repository/postgres/tg.go:74.2,74.19 1 0
github.com/himmel520/uoffer/mediaAd/internal/infrastructure/repository/postgres/tg.go:77.60,83.28 3 0
github.com/himmel520/uoffer/mediaAd/internal/infrastructure/repository/postgres/tg.go:83.28,84.40 1 0
github.com/himmel520/uoffer/mediaAd/internal/infrastructure/repository/postgres/tg.go:84.40,86.4 1 0
github.com/himmel520/uoffer/mediaAd/internal/infrastructure/repository/postgres/tg.go:89.2,89.32 1 0
github.com/himmel520/uoffer/mediaAd/internal/infrastructure/repository/postgres/tg.go:89.32,91.3 1 0
github.com/himmel520/uoffer/mediaAd/internal/infrastructure/repository/postgres/tg.go:93.2,93.12 1 0
github.com/himmel520/uoffer/mediaAd/internal/infrastructure/repository/postgres/tg.go:96.105,102.16 2 0
github.com/himmel520/uoffer/mediaAd/internal/infrastructure/repository/postgres/tg.go:102.16,104.3 1 0
github.com/himmel520/uoffer/mediaAd/internal/infrastructure/repository/postgres/tg.go:105.2,108.18 3 0
github.com/himmel520/uoffer/mediaAd/internal/infrastructure/repository/postgres/tg.go:108.18,110.63 2 0
github.com/himmel520/uoffer/mediaAd/internal/infrastructure/repository/postgres/tg.go:110.63,112.4 1 0
github.com/himmel520/uoffer/mediaAd/internal/infrastructure/repository/postgres/tg.go:114.3,114.24 1 0
github.com/himmel520/uoffer/mediaAd/internal/infrastructure/repository/postgres/tg.go:117.2,117.19 1 0
github.com/himmel520/uoffer/mediaAd/internal/infrastructure/repository/postgres/tg.go:117.19,119.3 1 0
github.com/himmel520/uoffer/mediaAd/internal/infrastructure/repository/postgres/tg.go:121.2,121.17 1 0
github.com/himmel520/uoffer/mediaAd/internal/infrastructure/repository/postgres/tg.go:124.58,128.2 3 0
github.com/himmel520/uoffer/mediaAd/internal/usecase/adv.go:34.97,36.2 1 0
github.com/himmel520/uoffer/mediaAd/internal/usecase/adv.go:38.94,40.16 2 0
github.com/himmel520/uoffer/mediaAd/internal/usecase/adv.go:40.16,42.3 1 0
github.com/himmel520/uoffer/mediaAd/internal/usecase/adv.go:44.2,44.33 1 0
github.com/himmel520/uoffer/mediaAd/internal/usecase/adv.go:47.65,49.2 1 0
github.com/himmel520/uoffer/mediaAd/internal/usecase/adv.go:51.111,52.53 1 0
github.com/himmel520/uoffer/mediaAd/internal/usecase/adv.go:52.53,54.3 1 0
github.com/himmel520/uoffer/mediaAd/internal/usecase/adv.go:56.2,56.33 1 0
github.com/himmel520/uoffer/mediaAd/internal/usecase/adv.go:59.146,66.46 3 0
github.com/himmel520/uoffer/mediaAd/internal/usecase/adv.go:66.46,68.3 1 0
github.com/himmel520/uoffer/mediaAd/internal/usecase/adv.go:70.2,73.16 3 0
github.com/himmel520/uoffer/mediaAd/internal/usecase/adv.go:73.16,75.17 2 0
github.com/himmel520/uoffer/mediaAd/internal/usecase/adv.go:75.17,77.4 1 0
github.com/himmel520/uoffer/mediaAd/internal/usecase/adv.go:79.3,79.54 1 0
github.com/himmel520/uoffer/mediaAd/internal/usecase/adv.go:79.54,81.4 1 0
github.com/himmel520/uoffer/mediaAd/internal/usecase/adv.go:83.2,83.18 1 0
[...]
github.com/himmel520/uoffer/mediaAd/internal/usecase/mocks/AdvUC.go:38.2,38.73 1 0
github.com/himmel520/uoffer/mediaAd/internal/usecase/mocks/AdvUC.go:38.73,40.3 1 0
github.com/himmel520/uoffer/mediaAd/internal/usecase/mocks/AdvUC.go:40.8,42.3 1 0
github.com/himmel520/uoffer/mediaAd/internal/usecase/mocks/AdvUC.go:44.2,44.15 1 0
github.com/himmel520/uoffer/mediaAd/internal/usecase/mocks/AdvUC.go:48.60,51.19 2 0
github.com/himmel520/uoffer/mediaAd/internal/usecase/mocks/AdvUC.go:51.19,52.48 1 0
github.com/himmel520/uoffer/mediaAd/internal/usecase/mocks/AdvUC.go:55.2,56.65 2 0
github.com/himmel520/uoffer/mediaAd/internal/usecase/mocks/AdvUC.go:56.65,58.3 1 0
github.com/himmel520/uoffer/mediaAd/internal/usecase/mocks/AdvUC.go:58.8,60.3 1 0
github.com/himmel520/uoffer/mediaAd/internal/usecase/mocks/AdvUC.go:62.2,62.11 1 0
github.com/himmel520/uoffer/mediaAd/internal/usecase/mocks/AdvUC.go:66.57,69.19 2 1
github.com/himmel520/uoffer/mediaAd/internal/usecase/mocks/AdvUC.go:69.19,70.53 1 0
github.com/himmel520/uoffer/mediaAd/internal/usecase/mocks/AdvUC.go:73.2,74.60 2 1
github.com/himmel520/uoffer/mediaAd/internal/usecase/mocks/AdvUC.go:74.60,76.3 1 0
github.com/himmel520/uoffer/mediaAd/internal/usecase/mocks/AdvUC.go:76.8,78.3 1 1
github.com/himmel520/uoffer/mediaAd/internal/usecase/mocks/AdvUC.go:80.2,80.11 1 1
github.com/himmel520/uoffer/mediaAd/internal/usecase/mocks/AdvUC.go:84.145,87.19 2 0
github.com/himmel520/uoffer/mediaAd/internal/usecase/mocks/AdvUC.go:87.19,88.58 1 0
github.com/himmel520/uoffer/mediaAd/internal/usecase/mocks/AdvUC.go:91.2,93.115 3 0
github.com/himmel520/uoffer/mediaAd/internal/usecase/mocks/AdvUC.go:93.115,95.3 1 0
github.com/himmel520/uoffer/mediaAd/internal/usecase/mocks/AdvUC.go:96.2,96.106 1 0
github.com/himmel520/uoffer/mediaAd/internal/usecase/mocks/AdvUC.go:96.106,98.3 1 0
github.com/himmel520/uoffer/mediaAd/internal/usecase/mocks/AdvUC.go:98.8,99.24 1 0
github.com/himmel520/uoffer/mediaAd/internal/usecase/mocks/AdvUC.go:99.24,101.4 1 0
github.com/himmel520/uoffer/mediaAd/internal/usecase/mocks/AdvUC.go:104.2,104.90 1 0
github.com/himmel520/uoffer/mediaAd/internal/usecase/mocks/AdvUC.go:104.90,106.3 1 0
github.com/himmel520/uoffer/mediaAd/internal/usecase/mocks/AdvUC.go:106.8,108.3 1 0
github.com/himmel520/uoffer/mediaAd/internal/usecase/mocks/AdvUC.go:110.2,110.15 1 0
github.com/himmel520/uoffer/mediaAd/internal/usecase/mocks/AdvUC.go:114.106,117.19 2 0
github.com/himmel520/uoffer/mediaAd/internal/usecase/mocks/AdvUC.go:117.19,118.48 1 0
github.com/himmel520/uoffer/mediaAd/internal/usecase/mocks/AdvUC.go:121.2,123.107 3 0
github.com/himmel520/uoffer/mediaAd/internal/usecase/mocks/AdvUC.go:123.107,125.3 1 0
github.com/himmel520/uoffer/mediaAd/internal/usecase/mocks/AdvUC.go:126.2,126.98 1 0
github.com/himmel520/uoffer/mediaAd/internal/usecase/mocks/AdvUC.go:126.98,128.3 1 0
github.com/himmel520/uoffer/mediaAd/internal/usecase/mocks/AdvUC.go:128.8,129.24 1 0
github.com/himmel520/uoffer/mediaAd/internal/usecase/mocks/AdvUC.go:129.24,131.4 1 0
github.com/himmel520/uoffer/mediaAd/internal/usecase/mocks/AdvUC.go:134.2,134.84 1 0
github.com/himmel520/uoffer/mediaAd/internal/usecase/mocks/AdvUC.go:134.84,136.3 1 0
github.com/himmel520/uoffer/mediaAd/internal/usecase/mocks/AdvUC.go:136.8,138.3 1 0
github.com/himmel520/uoffer/mediaAd/internal/usecase/mocks/AdvUC.go:140.2,140.15 1 0
github.com/himmel520/uoffer/mediaAd/internal/usecase/mocks/AdvUC.go:148.11,152.19 3 0
github.com/himmel520/uoffer/mediaAd/internal/usecase/mocks/AdvUC.go:152.19,152.49 1 0
github.com/himmel520/uoffer/mediaAd/internal/usecase/mocks/AdvUC.go:154.2,154.13 1 0
github.com/himmel520/uoffer/mediaAd/internal/usecase/mocks/AuthUC.go:13.73,16.19 2 1
github.com/himmel520/uoffer/mediaAd/internal/usecase/mocks/AuthUC.go:16.19,17.62 1 0
github.com/himmel520/uoffer/mediaAd/internal/usecase/mocks/AuthUC.go:20.2,22.61 3 1
github.com/himmel520/uoffer/mediaAd/internal/usecase/mocks/AuthUC.go:22.61,24.3 1 0
github.com/himmel520/uoffer/mediaAd/internal/usecase/mocks/AuthUC.go:25.2,25.52 1 1
github.com/himmel520/uoffer/mediaAd/internal/usecase/mocks/AuthUC.go:25.52,27.3 1 0
github.com/himmel520/uoffer/mediaAd/internal/usecase/mocks/AuthUC.go:27.8,29.3 1 1
github.com/himmel520/uoffer/mediaAd/internal/usecase/mocks/AuthUC.go:31.2,31.51 1 1
github.com/himmel520/uoffer/mediaAd/internal/usecase/mocks/AuthUC.go:31.51,33.3 1 0
github.com/himmel520/uoffer/mediaAd/internal/usecase/mocks/AuthUC.go:33.8,35.3 1 1
github.com/himmel520/uoffer/mediaAd/internal/usecase/mocks/AuthUC.go:37.2,37.15 1 1
github.com/himmel520/uoffer/mediaAd/internal/usecase/mocks/AuthUC.go:41.53,44.19 2 1
github.com/himmel520/uoffer/mediaAd/internal/usecase/mocks/AuthUC.go:44.19,45.53 1 0
github.com/himmel520/uoffer/mediaAd/internal/usecase/mocks/AuthUC.go:48.2,49.50 2 1
github.com/himmel520/uoffer/mediaAd/internal/usecase/mocks/AuthUC.go:49.50,51.3 1 0
github.com/himmel520/uoffer/mediaAd/internal/usecase/mocks/AuthUC.go:51.8,53.3 1 1
github.com/himmel520/uoffer/mediaAd/internal/usecase/mocks/AuthUC.go:55.2,55.11 1 1
github.com/himmel520/uoffer/mediaAd/internal/usecase/mocks/AuthUC.go:63.12,67.19 3 0
github.com/himmel520/uoffer/mediaAd/internal/usecase/mocks/AuthUC.go:67.19,67.49 1 0
github.com/himmel520/uoffer/mediaAd/internal/usecase/mocks/AuthUC.go:69.2,69.13 1 0
github.com/himmel520/uoffer/mediaAd/internal/usecase/mocks/ColorUC.go:18.93,21.19 2 0
github.com/himmel520/uoffer/mediaAd/internal/usecase/mocks/ColorUC.go:21.19,22.45 1 0
github.com/himmel520/uoffer/mediaAd/internal/usecase/mocks/ColorUC.go:25.2,27.96 3 0
github.com/himmel520/uoffer/mediaAd/internal/usecase/mocks/ColorUC.go:27.96,29.3 1 0
github.com/himmel520/uoffer/mediaAd/internal/usecase/mocks/ColorUC.go:30.2,30.87 1 0
github.com/himmel520/uoffer/mediaAd/internal/usecase/mocks/ColorUC.go:30.87,32.3 1 0
github.com/himmel520/uoffer/mediaAd/internal/usecase/mocks/ColorUC.go:32.8,33.24 1 0
github.com/himmel520/uoffer/mediaAd/internal/usecase/mocks/ColorUC.go:33.24,35.4 1 0
github.com/himmel520/uoffer/mediaAd/internal/usecase/mocks/ColorUC.go:38.2,38.75 1 0
github.com/himmel520/uoffer/mediaAd/internal/usecase/mocks/ColorUC.go:38.75,40.3 1 0
github.com/himmel520/uoffer/mediaAd/internal/usecase/mocks/ColorUC.go:40.8,42.3 1 0
github.com/himmel520/uoffer/mediaAd/internal/usecase/mocks/ColorUC.go:44.2,44.15 1 0
github.com/himmel520/uoffer/mediaAd/internal/usecase/mocks/ColorUC.go:48.62,51.19 2 0
github.com/himmel520/uoffer/mediaAd/internal/usecase/mocks/ColorUC.go:51.19,52.48 1 0
github.com/himmel520/uoffer/mediaAd/internal/usecase/mocks/ColorUC.go:55.2,56.65 2 0
github.com/himmel520/uoffer/mediaAd/internal/usecase/mocks/ColorUC.go:56.65,58.3 1 0
github.com/himmel520/uoffer/mediaAd/internal/usecase/mocks/ColorUC.go:58.8,60.3 1 0
github.com/himmel520/uoffer/mediaAd/internal/usecase/mocks/ColorUC.go:62.2,62.11 1 0
github.com/himmel520/uoffer/mediaAd/internal/usecase/mocks/ColorUC.go:66.113,69.19 2 0
github.com/himmel520/uoffer/mediaAd/internal/usecase/mocks/ColorUC.go:69.19,70.62 1 0
github.com/himmel520/uoffer/mediaAd/internal/usecase/mocks/ColorUC.go:73.2,75.92 3 0
github.com/himmel520/uoffer/mediaAd/internal/usecase/mocks/ColorUC.go:75.92,77.3 1 0
github.com/himmel520/uoffer/mediaAd/internal/usecase/mocks/ColorUC.go:78.2,78.83 1 0
github.com/himmel520/uoffer/mediaAd/internal/usecase/mocks/ColorUC.go:78.83,80.3 1 0
github.com/himmel520/uoffer/mediaAd/internal/usecase/mocks/ColorUC.go:80.8,81.24 1 0
github.com/himmel520/uoffer/mediaAd/internal/usecase/mocks/ColorUC.go:81.24,83.4 1 0
github.com/himmel520/uoffer/mediaAd/internal/usecase/mocks/ColorUC.go:86.2,86.70 1 0
github.com/himmel520/uoffer/mediaAd/internal/usecase/mocks/ColorUC.go:86.70,88.3 1 0
github.com/himmel520/uoffer/mediaAd/internal/usecase/mocks/ColorUC.go:88.8,90.3 1 0
github.com/himmel520/uoffer/mediaAd/internal/usecase/mocks/ColorUC.go:92.2,92.15 1 0
github.com/himmel520/uoffer/mediaAd/internal/usecase/mocks/ColorUC.go:96.110,99.19 2 0
github.com/himmel520/uoffer/mediaAd/internal/usecase/mocks/ColorUC.go:99.19,100.48 1 0
github.com/himmel520/uoffer/mediaAd/internal/usecase/mocks/ColorUC.go:103.2,105.107 3 0
github.com/himmel520/uoffer/mediaAd/internal/usecase/mocks/ColorUC.go:105.107,107.3 1 0
github.com/himmel520/uoffer/mediaAd/internal/usecase/mocks/ColorUC.go:108.2,108.98 1 0
github.com/himmel520/uoffer/mediaAd/internal/usecase/mocks/ColorUC.go:108.98,110.3 1 0
github.com/himmel520/uoffer/mediaAd/internal/usecase/mocks/ColorUC.go:110.8,111.24 1 0
github.com/himmel520/uoffer/mediaAd/internal/usecase/mocks/ColorUC.go:111.24,113.4 1 0
github.com/himmel520/uoffer/mediaAd/internal/usecase/mocks/ColorUC.go:116.2,116.86 1 0
github.com/himmel520/uoffer/mediaAd/internal/usecase/mocks/ColorUC.go:116.86,118.3 1 0
github.com/himmel520/uoffer/mediaAd/internal/usecase/mocks/ColorUC.go:118.8,120.3 1 0
github.com/himmel520/uoffer/mediaAd/internal/usecase/mocks/ColorUC.go:122.2,122.15 1 0
github.com/himmel520/uoffer/mediaAd/internal/usecase/mocks/ColorUC.go:130.13,134.19 3 0
github.com/himmel520/uoffer/mediaAd/internal/usecase/mocks/ColorUC.go:134.19,134.49 1 0
github.com/himmel520/uoffer/mediaAd/internal/usecase/mocks/ColorUC.go:136.2,136.13 1 0
github.com/himmel520/uoffer/mediaAd/internal/usecase/mocks/LogoCache.go:17.75,20.19 2 0
github.com/himmel520/uoffer/mediaAd/internal/usecase/mocks/LogoCache.go:20.19,21.45 1 0
github.com/himmel520/uoffer/mediaAd/internal/usecase/mocks/LogoCache.go:24.2,26.78 3 0
github.com/himmel520/uoffer/mediaAd/internal/usecase/mocks/LogoCache.go:26.78,28.3 1 0
github.com/himmel520/uoffer/mediaAd/internal/usecase/mocks/LogoCache.go:29.2,29.69 1 0
github.com/himmel520/uoffer/mediaAd/internal/usecase/mocks/LogoCache.go:29.69,31.3 1 0
github.com/himmel520/uoffer/mediaAd/internal/usecase/mocks/LogoCache.go:31.8,33.3 1 0
github.com/himmel520/uoffer/mediaAd/internal/usecase/mocks/LogoCache.go:35.2,35.68 1 0
github.com/himmel520/uoffer/mediaAd/internal/usecase/mocks/LogoCache.go:35.68,37.3 1 0
github.com/himmel520/uoffer/mediaAd/internal/usecase/mocks/LogoCache.go:37.8,39.3 1 0
github.com/himmel520/uoffer/mediaAd/internal/usecase/mocks/LogoCache.go:41.2,41.15 1 0
github.com/himmel520/uoffer/mediaAd/internal/usecase/mocks/LogoCache.go:49.15,53.19 3 0
github.com/himmel520/uoffer/mediaAd/internal/usecase/mocks/LogoCache.go:53.19,53.49 1 0
github.com/himmel520/uoffer/mediaAd/internal/usecase/mocks/LogoCache.go:55.2,55.13 1 0
github.com/himmel520/uoffer/mediaAd/internal/usecase/mocks/LogoUC.go:18.89,21.19 2 1
github.com/himmel520/uoffer/mediaAd/internal/usecase/mocks/LogoUC.go:21.19,22.45 1 0
github.com/himmel520/uoffer/mediaAd/internal/usecase/mocks/LogoUC.go:25.2,27.94 3 1
github.com/himmel520/uoffer/mediaAd/internal/usecase/mocks/LogoUC.go:27.94,29.3 1 0
github.com/himmel520/uoffer/mediaAd/internal/usecase/mocks/LogoUC.go:30.2,30.85 1 1
github.com/himmel520/uoffer/mediaAd/internal/usecase/mocks/LogoUC.go:30.85,32.3 1 0
github.com/himmel520/uoffer/mediaAd/internal/usecase/mocks/LogoUC.go:32.8,33.24 1 1
github.com/himmel520/uoffer/mediaAd/internal/usecase/mocks/LogoUC.go:33.24,35.4 1 1
github.com/himmel520/uoffer/mediaAd/internal/usecase/mocks/LogoUC.go:38.2,38.74 1 1
github.com/himmel520/uoffer/mediaAd/internal/usecase/mocks/LogoUC.go:38.74,40.3 1 0
github.com/himmel520/uoffer/mediaAd/internal/usecase/mocks/LogoUC.go:40.8,42.3 1 1
github.com/himmel520/uoffer/mediaAd/internal/usecase/mocks/LogoUC.go:44.2,44.15 1 1
github.com/himmel520/uoffer/mediaAd/internal/usecase/mocks/LogoUC.go:48.61,51.19 2 0
github.com/himmel520/uoffer/mediaAd/internal/usecase/mocks/LogoUC.go:51.19,52.48 1 0
github.com/himmel520/uoffer/mediaAd/internal/usecase/mocks/LogoUC.go:55.2,56.65 2 0
github.com/himmel520/uoffer/mediaAd/internal/usecase/mocks/LogoUC.go:56.65,58.3 1 0
github.com/himmel520/uoffer/mediaAd/internal/usecase/mocks/LogoUC.go:58.8,60.3 1 0
github.com/himmel520/uoffer/mediaAd/internal/usecase/mocks/LogoUC.go:62.2,62.11 1 0
github.com/himmel520/uoffer/mediaAd/internal/usecase/mocks/LogoUC.go:66.75,69.19 2 1
github.com/himmel520/uoffer/mediaAd/internal/usecase/mocks/LogoUC.go:69.19,70.48 1 0
github.com/himmel520/uoffer/mediaAd/internal/usecase/mocks/LogoUC.go:73.2,75.82 3 1
github.com/himmel520/uoffer/mediaAd/internal/usecase/mocks/LogoUC.go:75.82,77.3 1 0
github.com/himmel520/uoffer/mediaAd/internal/usecase/mocks/LogoUC.go:78.2,78.73 1 1
github.com/himmel520/uoffer/mediaAd/internal/usecase/mocks/LogoUC.go:78.73,80.3 1 0
github.com/himmel520/uoffer/mediaAd/internal/usecase/mocks/LogoUC.go:80.8,81.24 1 1
github.com/himmel520/uoffer/mediaAd/internal/usecase/mocks/LogoUC.go:81.24,83.4 1 1
github.com/himmel520/uoffer/mediaAd/internal/usecase/mocks/LogoUC.go:86.2,86.60 1 1
github.com/himmel520/uoffer/mediaAd/internal/usecase/mocks/LogoUC.go:86.60,88.3 1 0
github.com/himmel520/uoffer/mediaAd/internal/usecase/mocks/LogoUC.go:88.8,90.3 1 1
github.com/himmel520/uoffer/mediaAd/internal/usecase/mocks/LogoUC.go:92.2,92.15 1 1
github.com/himmel520/uoffer/mediaAd/internal/usecase/mocks/LogoUC.go:96.111,99.19 2 0
github.com/himmel520/uoffer/mediaAd/internal/usecase/mocks/LogoUC.go:99.19,100.62 1 0
github.com/himmel520/uoffer/mediaAd/internal/usecase/mocks/LogoUC.go:103.2,105.91 3 0
github.com/himmel520/uoffer/mediaAd/internal/usecase/mocks/LogoUC.go:105.91,107.3 1 0
github.com/himmel520/uoffer/mediaAd/internal/usecase/mocks/LogoUC.go:108.2,108.82 1 0
github.com/himmel520/uoffer/mediaAd/internal/usecase/mocks/LogoUC.go:108.82,110.3 1 0
github.com/himmel520/uoffer/mediaAd/internal/usecase/mocks/LogoUC.go:110.8,111.24 1 0
github.com/himmel520/uoffer/mediaAd/internal/usecase/mocks/LogoUC.go:111.24,113.4 1 0
github.com/himmel520/uoffer/mediaAd/internal/usecase/mocks/LogoUC.go:116.2,116.70 1 0
github.com/himmel520/uoffer/mediaAd/internal/usecase/mocks/LogoUC.go:116.70,118.3 1 0
github.com/himmel520/uoffer/mediaAd/internal/usecase/mocks/LogoUC.go:118.8,120.3 1 0
github.com/himmel520/uoffer/mediaAd/internal/usecase/mocks/LogoUC.go:122.2,122.15 1 0
github.com/himmel520/uoffer/mediaAd/internal/usecase/mocks/LogoUC.go:126.82,129.19 2 1
github.com/himmel520/uoffer/mediaAd/internal/usecase/mocks/LogoUC.go:129.19,130.49 1 0
github.com/himmel520/uoffer/mediaAd/internal/usecase/mocks/LogoUC.go:133.2,135.85 3 1
github.com/himmel520/uoffer/mediaAd/internal/usecase/mocks/LogoUC.go:135.85,137.3 1 0
github.com/himmel520/uoffer/mediaAd/internal/usecase/mocks/LogoUC.go:138.2,138.76 1 1
github.com/himmel520/uoffer/mediaAd/internal/usecase/mocks/LogoUC.go:138.76,140.3 1 0
github.com/himmel520/uoffer/mediaAd/internal/usecase/mocks/LogoUC.go:140.8,141.24 1 1
github.com/himmel520/uoffer/mediaAd/internal/usecase/mocks/LogoUC.go:141.24,143.4 1 1
github.com/himmel520/uoffer/mediaAd/internal/usecase/mocks/LogoUC.go:146.2,146.65 1 1
github.com/himmel520/uoffer/mediaAd/internal/usecase/mocks/LogoUC.go:146.65,148.3 1 0
github.com/himmel520/uoffer/mediaAd/internal/usecase/mocks/LogoUC.go:148.8,150.3 1 1
github.com/himmel520/uoffer/mediaAd/internal/usecase/mocks/LogoUC.go:152.2,152.15 1 1
github.com/himmel520/uoffer/mediaAd/internal/usecase/mocks/LogoUC.go:156.106,159.19 2 1
github.com/himmel520/uoffer/mediaAd/internal/usecase/mocks/LogoUC.go:159.19,160.48 1 0
github.com/himmel520/uoffer/mediaAd/internal/usecase/mocks/LogoUC.go:163.2,165.105 3 1
github.com/himmel520/uoffer/mediaAd/internal/usecase/mocks/LogoUC.go:165.105,167.3 1 0
github.com/himmel520/uoffer/mediaAd/internal/usecase/mocks/LogoUC.go:168.2,168.96 1 1
github.com/himmel520/uoffer/mediaAd/internal/usecase/mocks/LogoUC.go:168.96,170.3 1 0
github.com/himmel520/uoffer/mediaAd/internal/usecase/mocks/LogoUC.go:170.8,171.24 1 1
github.com/himmel520/uoffer/mediaAd/internal/usecase/mocks/LogoUC.go:171.24,173.4 1 1
github.com/himmel520/uoffer/mediaAd/internal/usecase/mocks/LogoUC.go:176.2,176.85 1 1
github.com/himmel520/uoffer/mediaAd/internal/usecase/mocks/LogoUC.go:176.85,178.3 1 0
github.com/himmel520/uoffer/mediaAd/internal/usecase/mocks/LogoUC.go:178.8,180.3 1 1
github.com/himmel520/uoffer/mediaAd/internal/usecase/mocks/LogoUC.go:182.2,182.15 1 1
github.com/himmel520/uoffer/mediaAd/internal/usecase/mocks/LogoUC.go:190.12,194.19 3 0
github.com/himmel520/uoffer/mediaAd/internal/usecase/mocks/LogoUC.go:194.19,194.49 1 0
github.com/himmel520/uoffer/mediaAd/internal/usecase/mocks/LogoUC.go:196.2,196.13 1 0
github.com/himmel520/uoffer/mediaAd/internal/usecase/mocks/TGUC.go:18.81,21.19 2 0
github.com/himmel520/uoffer/mediaAd/internal/usecase/mocks/TGUC.go:21.19,22.45 1 0
github.com/himmel520/uoffer/mediaAd/internal/usecase/mocks/TGUC.go:25.2,27.90 3 0
github.com/himmel520/uoffer/mediaAd/internal/usecase/mocks/TGUC.go:27.90,29.3 1 0
github.com/himmel520/uoffer/mediaAd/internal/usecase/mocks/TGUC.go:30.2,30.81 1 0
github.com/himmel520/uoffer/mediaAd/internal/usecase/mocks/TGUC.go:30.81,32.3 1 0
github.com/himmel520/uoffer/mediaAd/internal/usecase/mocks/TGUC.go:32.8,33.24 1 0
github.com/himmel520/uoffer/mediaAd/internal/usecase/mocks/TGUC.go:33.24,35.4 1 0
github.com/himmel520/uoffer/mediaAd/internal/usecase/mocks/TGUC.go:38.2,38.72 1 0
github.com/himmel520/uoffer/mediaAd/internal/usecase/mocks/TGUC.go:38.72,40.3 1 0
github.com/himmel520/uoffer/mediaAd/internal/usecase/mocks/TGUC.go:40.8,42.3 1 0
github.com/himmel520/uoffer/mediaAd/internal/usecase/mocks/TGUC.go:44.2,44.15 1 0
github.com/himmel520/uoffer/mediaAd/internal/usecase/mocks/TGUC.go:48.59,51.19 2 0
github.com/himmel520/uoffer/mediaAd/internal/usecase/mocks/TGUC.go:51.19,52.48 1 0
github.com/himmel520/uoffer/mediaAd/internal/usecase/mocks/TGUC.go:55.2,56.65 2 0
github.com/himmel520/uoffer/mediaAd/internal/usecase/mocks/TGUC.go:56.65,58.3 1 0
github.com/himmel520/uoffer/mediaAd/internal/usecase/mocks/TGUC.go:58.8,60.3 1 0
github.com/himmel520/uoffer/mediaAd/internal/usecase/mocks/TGUC.go:62.2,62.11 1 0
github.com/himmel520/uoffer/mediaAd/internal/usecase/mocks/TGUC.go:66.107,69.19 2 0
github.com/himmel520/uoffer/mediaAd/internal/usecase/mocks/TGUC.go:69.19,70.62 1 0
github.com/himmel520/uoffer/mediaAd/internal/usecase/mocks/TGUC.go:73.2,75.89 3 0
github.com/himmel520/uoffer/mediaAd/internal/usecase/mocks/TGUC.go:75.89,77.3 1 0
github.com/himmel520/uoffer/mediaAd/internal/usecase/mocks/TGUC.go:78.2,78.80 1 0
github.com/himmel520/uoffer/mediaAd/internal/usecase/mocks/TGUC.go:78.80,80.3 1 0
github.com/himmel520/uoffer/mediaAd/internal/usecase/mocks/TGUC.go:80.8,81.24 1 0
github.com/himmel520/uoffer/mediaAd/internal/usecase/mocks/TGUC.go:81.24,83.4 1 0
github.com/himmel520/uoffer/mediaAd/internal/usecase/mocks/TGUC.go:86.2,86.70 1 0
github.com/himmel520/uoffer/mediaAd/internal/usecase/mocks/TGUC.go:86.70,88.3 1 0
github.com/himmel520/uoffer/mediaAd/internal/usecase/mocks/TGUC.go:88.8,90.3 1 0
github.com/himmel520/uoffer/mediaAd/internal/usecase/mocks/TGUC.go:92.2,92.15 1 0
github.com/himmel520/uoffer/mediaAd/internal/usecase/mocks/TGUC.go:96.98,99.19 2 0
github.com/himmel520/uoffer/mediaAd/internal/usecase/mocks/TGUC.go:99.19,100.48 1 0
github.com/himmel520/uoffer/mediaAd/internal/usecase/mocks/TGUC.go:103.2,105.101 3 0
github.com/himmel520/uoffer/mediaAd/internal/usecase/mocks/TGUC.go:105.101,107.3 1 0
github.com/himmel520/uoffer/mediaAd/internal/usecase/mocks/TGUC.go:108.2,108.92 1 0
github.com/himmel520/uoffer/mediaAd/internal/usecase/mocks/TGUC.go:108.92,110.3 1 0
github.com/himmel520/uoffer/mediaAd/internal/usecase/mocks/TGUC.go:110.8,111.24 1 0
github.com/himmel520/uoffer/mediaAd/internal/usecase/mocks/TGUC.go:111.24,113.4 1 0
github.com/himmel520/uoffer/mediaAd/internal/usecase/mocks/TGUC.go:116.2,116.83 1 0
github.com/himmel520/uoffer/mediaAd/internal/usecase/mocks/TGUC.go:116.83,118.3 1 0
github.com/himmel520/uoffer/mediaAd/internal/usecase/mocks/TGUC.go:118.8,120.3 1 0
github.com/himmel520/uoffer/mediaAd/internal/usecase/mocks/TGUC.go:122.2,122.15 1 0
github.com/himmel520/uoffer/mediaAd/internal/usecase/mocks/TGUC.go:130.10,134.19 3 0
github.com/himmel520/uoffer/mediaAd/internal/usecase/mocks/TGUC.go:134.19,134.49 1 0
github.com/himmel520/uoffer/mediaAd/internal/usecase/mocks/TGUC.go:136.2,136.13 1 0
